<?xml version="1.0" encoding="utf-8"?>
<CoverageSession xmlns:xsd="http://www.w3.org/2001/XMLSchema" xmlns:xsi="http://www.w3.org/2001/XMLSchema-instance">
  <Summary numSequencePoints="728" visitedSequencePoints="628" numBranchPoints="386" visitedBranchPoints="311" sequenceCoverage="86.26" branchCoverage="80.57" maxCyclomaticComplexity="26" minCyclomaticComplexity="1" visitedClasses="25" numClasses="26" visitedMethods="86" numMethods="97" />
  <Modules>
    <Module skippedDueTo="Filter" hash="00-E4-A9-6F-CF-BE-E6-78-80-D2-6C-6C-56-CF-F3-16-65-C6-22-7B">
      <ModulePath>c:\program files\dotnet\shared\Microsoft.NETCore.App\2.1.3-servicing-26724-03\System.Private.CoreLib.dll</ModulePath>
      <ModuleTime>2018-07-24T15:37:48Z</ModuleTime>
      <ModuleName>System.Private.CoreLib</ModuleName>
      <Classes />
    </Module>
    <Module skippedDueTo="MissingPdb" hash="E7-77-3F-CC-07-ED-13-14-11-79-A5-DF-33-C9-19-1C-C2-77-C8-4B">
      <ModulePath>c:\program files\dotnet\sdk\2.1.401\dotnet.dll</ModulePath>
      <ModuleTime>2018-08-02T14:12:16Z</ModuleTime>
      <ModuleName>dotnet</ModuleName>
      <Classes />
    </Module>
    <Module skippedDueTo="Filter" hash="3A-16-18-54-B5-AE-4C-EE-71-50-76-7C-CD-9F-57-26-DD-16-7D-14">
      <ModulePath>c:\program files\dotnet\shared\Microsoft.NETCore.App\2.1.3-servicing-26724-03\System.Runtime.dll</ModulePath>
      <ModuleTime>2018-07-24T15:37:44Z</ModuleTime>
      <ModuleName>System.Runtime</ModuleName>
      <Classes />
    </Module>
    <Module skippedDueTo="MissingPdb" hash="B6-7C-2D-1C-56-A7-BC-28-BD-8C-D7-89-E8-BB-94-F0-80-FD-8E-4E">
      <ModulePath>c:\program files\dotnet\sdk\2.1.401\Microsoft.DotNet.Cli.Utils.dll</ModulePath>
      <ModuleTime>2018-08-02T14:11:50Z</ModuleTime>
      <ModuleName>Microsoft.DotNet.Cli.Utils</ModuleName>
      <Classes />
    </Module>
    <Module skippedDueTo="MissingPdb" hash="8A-01-79-11-EE-D8-7E-6A-43-90-50-F7-2A-DE-15-50-55-0F-1A-4C">
      <ModulePath>c:\program files\dotnet\shared\Microsoft.NETCore.App\2.1.3-servicing-26724-03\netstandard.dll</ModulePath>
      <ModuleTime>2018-07-24T15:37:48Z</ModuleTime>
      <ModuleName>netstandard</ModuleName>
      <Classes />
    </Module>
    <Module skippedDueTo="Filter" hash="73-62-91-0D-0F-97-D1-91-6B-C8-77-1C-53-D1-E9-78-B2-F7-44-64">
      <ModulePath>c:\program files\dotnet\shared\Microsoft.NETCore.App\2.1.3-servicing-26724-03\System.Runtime.Extensions.dll</ModulePath>
      <ModuleTime>2018-07-24T15:37:42Z</ModuleTime>
      <ModuleName>System.Runtime.Extensions</ModuleName>
      <Classes />
    </Module>
    <Module skippedDueTo="Filter" hash="57-A6-35-64-AA-E2-16-B9-34-C1-84-33-EE-A9-E5-79-55-50-EF-AD">
      <ModulePath>c:\program files\dotnet\shared\Microsoft.NETCore.App\2.1.3-servicing-26724-03\System.Runtime.Loader.dll</ModulePath>
      <ModuleTime>2018-07-24T15:37:44Z</ModuleTime>
      <ModuleName>System.Runtime.Loader</ModuleName>
      <Classes />
    </Module>
    <Module skippedDueTo="MissingPdb" hash="53-8A-9C-D6-72-1A-7D-63-80-28-16-4D-C0-A2-71-54-3A-0C-F3-76">
      <ModulePath>c:\program files\dotnet\sdk\2.1.401\Microsoft.DotNet.PlatformAbstractions.dll</ModulePath>
      <ModuleTime>2018-08-02T14:12:10Z</ModuleTime>
      <ModuleName>Microsoft.DotNet.PlatformAbstractions</ModuleName>
      <Classes />
    </Module>
    <Module skippedDueTo="Filter" hash="CF-14-CB-89-E0-FF-9A-93-CF-09-DD-25-7B-9B-C2-CE-23-24-47-08">
      <ModulePath>c:\program files\dotnet\shared\Microsoft.NETCore.App\2.1.3-servicing-26724-03\System.Runtime.InteropServices.RuntimeInformation.dll</ModulePath>
      <ModuleTime>2018-07-24T15:37:42Z</ModuleTime>
      <ModuleName>System.Runtime.InteropServices.RuntimeInformation</ModuleName>
      <Classes />
    </Module>
    <Module skippedDueTo="Filter" hash="46-4F-75-C9-75-BD-8F-57-5F-46-42-44-87-B3-36-7D-AB-D8-0F-47">
      <ModulePath>c:\program files\dotnet\shared\Microsoft.NETCore.App\2.1.3-servicing-26724-03\System.Runtime.InteropServices.dll</ModulePath>
      <ModuleTime>2018-07-24T15:37:42Z</ModuleTime>
      <ModuleName>System.Runtime.InteropServices</ModuleName>
      <Classes />
    </Module>
    <Module skippedDueTo="Filter" hash="ED-6E-58-E1-81-21-C3-C6-84-85-47-4A-AC-CB-7C-27-9E-92-53-70">
      <ModulePath>c:\program files\dotnet\shared\Microsoft.NETCore.App\2.1.3-servicing-26724-03\System.Threading.dll</ModulePath>
      <ModuleTime>2018-07-24T15:37:46Z</ModuleTime>
      <ModuleName>System.Threading</ModuleName>
      <Classes />
    </Module>
    <Module skippedDueTo="Filter" hash="1A-7F-06-34-00-8C-AC-4D-C3-C5-3A-C4-13-DA-F9-CA-C7-72-9F-DF">
      <ModulePath>c:\program files\dotnet\shared\Microsoft.NETCore.App\2.1.3-servicing-26724-03\System.IO.FileSystem.dll</ModulePath>
      <ModuleTime>2018-07-24T15:37:34Z</ModuleTime>
      <ModuleName>System.IO.FileSystem</ModuleName>
      <Classes />
    </Module>
    <Module skippedDueTo="Filter" hash="BC-ED-C9-B7-1D-19-0A-CB-89-08-24-DF-C0-07-B5-D6-32-D1-34-C2">
      <ModulePath>c:\program files\dotnet\sdk\2.1.401\runtimes\win\lib\netcoreapp2.0\System.Text.Encoding.CodePages.dll</ModulePath>
      <ModuleTime>2018-08-02T14:12:14Z</ModuleTime>
      <ModuleName>System.Text.Encoding.CodePages</ModuleName>
      <Classes />
    </Module>
    <Module skippedDueTo="Filter" hash="8A-72-20-D9-FE-A6-F4-20-F1-D2-F7-CE-FA-6E-30-8D-29-CF-30-CC">
      <ModulePath>c:\program files\dotnet\shared\Microsoft.NETCore.App\2.1.3-servicing-26724-03\System.Collections.dll</ModulePath>
      <ModuleTime>2018-07-24T15:37:30Z</ModuleTime>
      <ModuleName>System.Collections</ModuleName>
      <Classes />
    </Module>
    <Module skippedDueTo="Filter" hash="D8-39-5F-C6-CA-A0-A9-41-20-AA-8B-B4-38-77-9B-8F-22-56-24-9F">
      <ModulePath>c:\program files\dotnet\shared\Microsoft.NETCore.App\2.1.3-servicing-26724-03\System.Collections.Concurrent.dll</ModulePath>
      <ModuleTime>2018-07-24T15:37:28Z</ModuleTime>
      <ModuleName>System.Collections.Concurrent</ModuleName>
      <Classes />
    </Module>
    <Module skippedDueTo="Filter" hash="82-33-9E-BF-C5-E6-40-81-81-B6-71-3B-DC-26-08-95-C2-58-AE-0A">
      <ModulePath>c:\program files\dotnet\shared\Microsoft.NETCore.App\2.1.3-servicing-26724-03\System.Threading.Thread.dll</ModulePath>
      <ModuleTime>2018-07-24T15:37:46Z</ModuleTime>
      <ModuleName>System.Threading.Thread</ModuleName>
      <Classes />
    </Module>
    <Module skippedDueTo="MissingPdb" hash="F6-8E-45-89-68-F4-C6-AF-E2-C5-C3-9C-DE-27-57-DC-88-C4-AC-2D">
      <ModulePath>c:\program files\dotnet\sdk\2.1.401\Microsoft.DotNet.Configurer.dll</ModulePath>
      <ModuleTime>2018-08-02T14:12:00Z</ModuleTime>
      <ModuleName>Microsoft.DotNet.Configurer</ModuleName>
      <Classes />
    </Module>
    <Module skippedDueTo="MissingPdb" hash="FC-A0-14-61-3A-8F-2E-A8-18-29-10-CC-07-4A-0C-0C-A5-4B-3C-A5">
      <ModulePath>c:\program files\dotnet\sdk\2.1.401\Microsoft.DotNet.Cli.CommandLine.dll</ModulePath>
      <ModuleTime>2018-08-02T14:11:50Z</ModuleTime>
      <ModuleName>Microsoft.DotNet.Cli.CommandLine</ModuleName>
      <Classes />
    </Module>
    <Module skippedDueTo="Filter" hash="A6-B6-40-1A-96-4A-45-CB-18-02-D9-91-1C-54-1D-D6-68-69-2B-86">
      <ModulePath>c:\program files\dotnet\shared\Microsoft.NETCore.App\2.1.3-servicing-26724-03\System.Diagnostics.Process.dll</ModulePath>
      <ModuleTime>2018-07-24T15:37:32Z</ModuleTime>
      <ModuleName>System.Diagnostics.Process</ModuleName>
      <Classes />
    </Module>
    <Module skippedDueTo="MissingPdb" hash="BC-F6-24-5B-87-EB-2C-60-1E-A8-7D-80-B6-DA-F7-AE-2B-62-12-4B">
      <ModulePath>c:\program files\dotnet\sdk\2.1.401\Microsoft.DotNet.InternalAbstractions.dll</ModulePath>
      <ModuleTime>2018-08-02T14:12:00Z</ModuleTime>
      <ModuleName>Microsoft.DotNet.InternalAbstractions</ModuleName>
      <Classes />
    </Module>
    <Module skippedDueTo="Filter" hash="C6-27-AA-78-7A-17-BC-CC-B2-50-62-CB-F1-1D-C4-0E-36-A6-F4-EA">
      <ModulePath>c:\program files\dotnet\shared\Microsoft.NETCore.App\2.1.3-servicing-26724-03\System.Linq.dll</ModulePath>
      <ModuleTime>2018-07-24T15:37:34Z</ModuleTime>
      <ModuleName>System.Linq</ModuleName>
      <Classes />
    </Module>
    <Module skippedDueTo="MissingPdb" hash="87-4B-C2-8D-B3-DB-4F-04-D9-DD-83-BA-3E-94-F5-72-45-C8-8A-40">
      <ModulePath>c:\program files\dotnet\sdk\2.1.401\NuGet.Frameworks.dll</ModulePath>
      <ModuleTime>2018-08-02T14:13:48Z</ModuleTime>
      <ModuleName>NuGet.Frameworks</ModuleName>
      <Classes />
    </Module>
    <Module skippedDueTo="Filter" hash="AC-F3-9F-D2-6B-E4-26-9E-27-4C-62-85-3C-A5-25-60-A8-CB-01-D3">
      <ModulePath>c:\program files\dotnet\shared\Microsoft.NETCore.App\2.1.3-servicing-26724-03\System.Console.dll</ModulePath>
      <ModuleTime>2018-07-24T15:37:30Z</ModuleTime>
      <ModuleName>System.Console</ModuleName>
      <Classes />
    </Module>
    <Module skippedDueTo="Filter" hash="A6-7B-63-8E-04-7B-40-B7-97-3D-0A-8E-21-15-82-34-1D-91-63-07">
      <ModulePath>c:\program files\dotnet\shared\Microsoft.NETCore.App\2.1.3-servicing-26724-03\System.IO.FileSystem.Primitives.dll</ModulePath>
      <ModuleTime>2018-07-24T15:37:32Z</ModuleTime>
      <ModuleName>System.IO.FileSystem.Primitives</ModuleName>
      <Classes />
    </Module>
    <Module skippedDueTo="Filter" hash="5E-33-9F-76-37-0A-CA-29-C3-5D-6D-FE-60-7B-F3-67-49-9C-8A-BC">
      <ModulePath>c:\program files\dotnet\shared\Microsoft.NETCore.App\2.1.3-servicing-26724-03\System.Memory.dll</ModulePath>
      <ModuleTime>2018-07-24T15:37:34Z</ModuleTime>
      <ModuleName>System.Memory</ModuleName>
      <Classes />
    </Module>
    <Module skippedDueTo="Filter" hash="93-D6-B1-17-0C-93-9C-E6-98-D5-72-CA-E5-96-0A-CA-62-40-69-5C">
      <ModulePath>c:\program files\dotnet\shared\Microsoft.NETCore.App\2.1.3-servicing-26724-03\System.IO.dll</ModulePath>
      <ModuleTime>2018-07-24T15:37:34Z</ModuleTime>
      <ModuleName>System.IO</ModuleName>
      <Classes />
    </Module>
    <Module skippedDueTo="Filter" hash="5A-FD-8A-AE-F7-3F-72-FF-88-18-36-4C-14-F4-86-F9-60-C3-EA-B7">
      <ModulePath>c:\program files\dotnet\shared\Microsoft.NETCore.App\2.1.3-servicing-26724-03\System.Text.Encoding.Extensions.dll</ModulePath>
      <ModuleTime>2018-07-24T15:37:44Z</ModuleTime>
      <ModuleName>System.Text.Encoding.Extensions</ModuleName>
      <Classes />
    </Module>
    <Module skippedDueTo="MissingPdb" hash="04-46-16-F0-AA-51-90-FD-44-61-5D-50-48-7F-59-6A-7D-89-43-18">
      <ModulePath>c:\program files\dotnet\sdk\2.1.401\Microsoft.ApplicationInsights.dll</ModulePath>
      <ModuleTime>2018-08-02T14:12:00Z</ModuleTime>
      <ModuleName>Microsoft.ApplicationInsights</ModuleName>
      <Classes />
    </Module>
    <Module skippedDueTo="Filter" hash="4F-58-A3-B1-1E-D8-D4-56-A1-70-E3-2A-94-F8-B3-E1-75-46-BF-9D">
      <ModulePath>c:\program files\dotnet\shared\Microsoft.NETCore.App\2.1.3-servicing-26724-03\System.Reflection.Extensions.dll</ModulePath>
      <ModuleTime>2018-07-24T15:37:42Z</ModuleTime>
      <ModuleName>System.Reflection.Extensions</ModuleName>
      <Classes />
    </Module>
    <Module skippedDueTo="Filter" hash="02-6C-C6-76-70-14-F8-B6-77-F9-4D-6F-30-5F-DE-92-BE-A9-95-09">
      <ModulePath>c:\program files\dotnet\shared\Microsoft.NETCore.App\2.1.3-servicing-26724-03\System.Reflection.dll</ModulePath>
      <ModuleTime>2018-07-24T15:37:42Z</ModuleTime>
      <ModuleName>System.Reflection</ModuleName>
      <Classes />
    </Module>
    <Module skippedDueTo="Filter" hash="B8-76-C0-EC-37-41-D7-1D-2D-D8-A4-8D-A0-3E-E7-CB-C3-53-30-80">
      <ModulePath>c:\program files\dotnet\shared\Microsoft.NETCore.App\2.1.3-servicing-26724-03\System.Xml.XDocument.dll</ModulePath>
      <ModuleTime>2018-07-24T15:37:48Z</ModuleTime>
      <ModuleName>System.Xml.XDocument</ModuleName>
      <Classes />
    </Module>
    <Module skippedDueTo="Filter" hash="99-76-F6-C2-CE-1B-77-0D-5D-E4-7D-91-F7-C4-58-8F-37-2C-D1-83">
      <ModulePath>c:\program files\dotnet\shared\Microsoft.NETCore.App\2.1.3-servicing-26724-03\System.Private.Xml.Linq.dll</ModulePath>
      <ModuleTime>2018-07-24T15:37:40Z</ModuleTime>
      <ModuleName>System.Private.Xml.Linq</ModuleName>
      <Classes />
    </Module>
    <Module skippedDueTo="Filter" hash="EA-B1-A7-1B-D2-E0-51-86-8B-0D-E9-88-DD-4C-FD-A0-03-BF-C9-0B">
      <ModulePath>c:\program files\dotnet\shared\Microsoft.NETCore.App\2.1.3-servicing-26724-03\System.Security.Cryptography.Algorithms.dll</ModulePath>
      <ModuleTime>2018-07-24T15:37:44Z</ModuleTime>
      <ModuleName>System.Security.Cryptography.Algorithms</ModuleName>
      <Classes />
    </Module>
    <Module skippedDueTo="Filter" hash="EA-80-FC-94-FF-7A-DC-C3-72-A7-2F-D4-D4-E6-A2-C3-7A-14-2A-71">
      <ModulePath>c:\program files\dotnet\shared\Microsoft.NETCore.App\2.1.3-servicing-26724-03\System.Security.Cryptography.Primitives.dll</ModulePath>
      <ModuleTime>2018-07-24T15:37:44Z</ModuleTime>
      <ModuleName>System.Security.Cryptography.Primitives</ModuleName>
      <Classes />
    </Module>
    <Module skippedDueTo="MissingPdb" hash="43-E1-CC-71-6A-76-B8-9E-B8-0C-AE-B6-F1-24-89-B0-72-72-46-09">
      <ModulePath>c:\program files\dotnet\sdk\2.1.401\Microsoft.TemplateEngine.Cli.dll</ModulePath>
      <ModuleTime>2018-08-02T14:12:00Z</ModuleTime>
      <ModuleName>Microsoft.TemplateEngine.Cli</ModuleName>
      <Classes />
    </Module>
    <Module skippedDueTo="Filter" hash="A5-35-64-8F-CB-8C-63-4A-AA-11-FE-C9-08-7D-BD-DF-92-56-9E-44">
      <ModulePath>c:\program files\dotnet\shared\Microsoft.NETCore.App\2.1.3-servicing-26724-03\System.Private.Xml.dll</ModulePath>
      <ModuleTime>2018-07-24T15:37:40Z</ModuleTime>
      <ModuleName>System.Private.Xml</ModuleName>
      <Classes />
    </Module>
    <Module skippedDueTo="Filter" hash="2C-2E-65-16-0B-96-EB-67-1B-A9-5A-21-C2-B0-A2-1A-52-85-78-BF">
      <ModulePath>c:\program files\dotnet\shared\Microsoft.NETCore.App\2.1.3-servicing-26724-03\System.Resources.ResourceManager.dll</ModulePath>
      <ModuleTime>2018-07-24T15:37:42Z</ModuleTime>
      <ModuleName>System.Resources.ResourceManager</ModuleName>
      <Classes />
    </Module>
    <Module skippedDueTo="Filter" hash="57-AF-FA-20-21-06-01-6F-2D-79-51-35-14-04-D2-5C-A4-33-BC-03">
      <ModulePath>c:\program files\dotnet\shared\Microsoft.NETCore.App\2.1.3-servicing-26724-03\System.Xml.ReaderWriter.dll</ModulePath>
      <ModuleTime>2018-07-24T15:37:48Z</ModuleTime>
      <ModuleName>System.Xml.ReaderWriter</ModuleName>
      <Classes />
    </Module>
    <Module skippedDueTo="Filter" hash="41-5D-4E-8C-A9-DF-B8-6D-A7-B8-A3-AD-54-30-FC-37-FB-3E-9D-44">
      <ModulePath>c:\program files\dotnet\shared\Microsoft.NETCore.App\2.1.3-servicing-26724-03\System.Globalization.dll</ModulePath>
      <ModuleTime>2018-07-24T15:37:32Z</ModuleTime>
      <ModuleName>System.Globalization</ModuleName>
      <Classes />
    </Module>
    <Module skippedDueTo="Filter" hash="6D-3F-92-9B-36-AE-79-87-6E-B0-AE-A8-A6-EF-73-74-96-83-AA-06">
      <ModulePath>c:\program files\dotnet\shared\Microsoft.NETCore.App\2.1.3-servicing-26724-03\System.Diagnostics.Tracing.dll</ModulePath>
      <ModuleTime>2018-07-24T15:37:32Z</ModuleTime>
      <ModuleName>System.Diagnostics.Tracing</ModuleName>
      <Classes />
    </Module>
    <Module skippedDueTo="Filter" hash="E9-F7-F2-DD-56-69-E8-14-A2-80-8F-B7-A6-42-8E-A9-66-32-E9-1F">
      <ModulePath>c:\program files\dotnet\shared\Microsoft.NETCore.App\2.1.3-servicing-26724-03\System.Private.Uri.dll</ModulePath>
      <ModuleTime>2018-07-24T15:37:40Z</ModuleTime>
      <ModuleName>System.Private.Uri</ModuleName>
      <Classes />
    </Module>
    <Module skippedDueTo="MissingPdb" hash="24-CA-94-70-CF-1A-F0-47-51-75-3C-10-57-D9-98-92-27-EB-9A-B6">
      <ModulePath>c:\program files\dotnet\sdk\2.1.401\pt-BR\Microsoft.TemplateEngine.Cli.resources.dll</ModulePath>
      <ModuleTime>2018-08-02T14:11:58Z</ModuleTime>
      <ModuleName>Microsoft.TemplateEngine.Cli.resources</ModuleName>
      <Classes />
    </Module>
    <Module skippedDueTo="Filter" hash="86-83-55-9E-E4-B3-0A-96-44-74-49-D3-07-AB-37-EE-51-B7-B4-1A">
      <ModulePath>c:\program files\dotnet\shared\Microsoft.NETCore.App\2.1.3-servicing-26724-03\System.Threading.Tasks.dll</ModulePath>
      <ModuleTime>2018-07-24T15:37:46Z</ModuleTime>
      <ModuleName>System.Threading.Tasks</ModuleName>
      <Classes />
    </Module>
    <Module skippedDueTo="Filter" hash="0C-9C-5A-2B-CC-6C-A5-D8-28-F8-DE-1A-7A-59-E6-CB-BE-EF-1E-FD">
      <ModulePath>c:\program files\dotnet\shared\Microsoft.NETCore.App\2.1.3-servicing-26724-03\System.Text.RegularExpressions.dll</ModulePath>
      <ModuleTime>2018-07-24T15:37:44Z</ModuleTime>
      <ModuleName>System.Text.RegularExpressions</ModuleName>
      <Classes />
    </Module>
    <Module skippedDueTo="Filter" hash="7D-53-96-99-54-6B-DE-77-B2-0A-D8-C7-A7-D0-09-47-1C-EA-F7-AF">
      <ModulePath>c:\program files\dotnet\shared\Microsoft.NETCore.App\2.1.3-servicing-26724-03\System.Buffers.dll</ModulePath>
      <ModuleTime>2018-07-24T15:37:28Z</ModuleTime>
      <ModuleName>System.Buffers</ModuleName>
      <Classes />
    </Module>
    <Module skippedDueTo="Filter" hash="78-81-29-41-CE-46-81-78-13-EC-E7-5C-EC-27-E2-28-ED-7F-05-C0">
      <ModulePath>c:\program files\dotnet\shared\Microsoft.NETCore.App\2.1.3-servicing-26724-03\System.Reflection.Emit.ILGeneration.dll</ModulePath>
      <ModuleTime>2018-07-24T15:37:40Z</ModuleTime>
      <ModuleName>System.Reflection.Emit.ILGeneration</ModuleName>
      <Classes />
    </Module>
    <Module skippedDueTo="Filter" hash="D8-B2-86-82-AF-CB-18-28-DE-64-DC-F6-1F-76-CC-4A-2D-6F-12-24">
      <ModulePath>c:\program files\dotnet\shared\Microsoft.NETCore.App\2.1.3-servicing-26724-03\System.Reflection.Emit.Lightweight.dll</ModulePath>
      <ModuleTime>2018-07-24T15:37:40Z</ModuleTime>
      <ModuleName>System.Reflection.Emit.Lightweight</ModuleName>
      <Classes />
    </Module>
    <Module skippedDueTo="Filter" hash="66-3C-9F-DF-48-36-5D-8C-D3-CC-92-D5-04-AA-A1-76-BF-8C-B6-9F">
      <ModulePath>c:\program files\dotnet\shared\Microsoft.NETCore.App\2.1.3-servicing-26724-03\System.Reflection.Primitives.dll</ModulePath>
      <ModuleTime>2018-07-24T15:37:42Z</ModuleTime>
      <ModuleName>System.Reflection.Primitives</ModuleName>
      <Classes />
    </Module>
    <Module skippedDueTo="MissingPdb" hash="15-EC-98-8F-54-2B-83-4C-AF-5E-9C-A0-03-9E-6A-AB-79-CF-FB-CB">
      <ModulePath>c:\program files\dotnet\sdk\2.1.401\Microsoft.TemplateEngine.Utils.dll</ModulePath>
      <ModuleTime>2018-08-02T14:12:00Z</ModuleTime>
      <ModuleName>Microsoft.TemplateEngine.Utils</ModuleName>
      <Classes />
    </Module>
    <Module skippedDueTo="MissingPdb" hash="F7-BF-3A-17-30-BD-AB-5F-44-AE-E3-50-28-C8-5E-A2-9F-85-FD-8B">
      <ModulePath>c:\program files\dotnet\shared\Microsoft.NETCore.App\2.1.3-servicing-26724-03\Microsoft.Win32.Registry.dll</ModulePath>
      <ModuleTime>2018-07-24T15:37:28Z</ModuleTime>
      <ModuleName>Microsoft.Win32.Registry</ModuleName>
      <Classes />
    </Module>
    <Module skippedDueTo="MissingPdb" hash="91-EB-56-A4-20-4B-6B-C8-60-E0-DB-C1-EF-B0-EA-3E-11-EA-54-6B">
      <ModulePath>c:\program files\dotnet\sdk\2.1.401\pt-BR\dotnet.resources.dll</ModulePath>
      <ModuleTime>2018-08-02T14:11:56Z</ModuleTime>
      <ModuleName>dotnet.resources</ModuleName>
      <Classes />
    </Module>
    <Module skippedDueTo="Filter" hash="AF-10-0C-63-90-20-9A-2B-CF-02-9F-5E-46-15-A1-2C-AE-7D-03-5A">
      <ModulePath>c:\program files\dotnet\shared\Microsoft.NETCore.App\2.1.3-servicing-26724-03\System.Diagnostics.Tools.dll</ModulePath>
      <ModuleTime>2018-07-24T15:37:32Z</ModuleTime>
      <ModuleName>System.Diagnostics.Tools</ModuleName>
      <Classes />
    </Module>
    <Module skippedDueTo="Filter" hash="D5-AF-39-40-BB-E5-0A-AA-58-CB-B8-98-47-18-3F-E2-FD-4F-A2-90">
      <ModulePath>c:\program files\dotnet\shared\Microsoft.NETCore.App\2.1.3-servicing-26724-03\System.Diagnostics.Debug.dll</ModulePath>
      <ModuleTime>2018-07-24T15:37:32Z</ModuleTime>
      <ModuleName>System.Diagnostics.Debug</ModuleName>
      <Classes />
    </Module>
    <Module skippedDueTo="Filter" hash="54-8D-46-40-ED-FE-2D-46-52-EB-96-25-AB-B6-53-A8-65-CE-B8-FB">
      <ModulePath>c:\program files\dotnet\shared\Microsoft.NETCore.App\2.1.3-servicing-26724-03\System.Text.Encoding.dll</ModulePath>
      <ModuleTime>2018-07-24T15:37:44Z</ModuleTime>
      <ModuleName>System.Text.Encoding</ModuleName>
      <Classes />
    </Module>
    <Module skippedDueTo="Filter" hash="53-E3-E8-8F-C4-7C-74-5F-2F-7B-61-F8-8A-50-B0-1D-4A-EC-7F-21">
      <ModulePath>c:\program files\dotnet\shared\Microsoft.NETCore.App\2.1.3-servicing-26724-03\System.IO.Compression.dll</ModulePath>
      <ModuleTime>2018-07-24T15:37:32Z</ModuleTime>
      <ModuleName>System.IO.Compression</ModuleName>
      <Classes />
    </Module>
    <Module skippedDueTo="Filter" hash="C6-C7-AB-1D-EB-AA-14-D4-EC-59-F9-D3-15-0A-D8-89-CF-26-8B-27">
      <ModulePath>c:\program files\dotnet\shared\Microsoft.NETCore.App\2.1.3-servicing-26724-03\System.Net.Http.dll</ModulePath>
      <ModuleTime>2018-07-24T15:37:34Z</ModuleTime>
      <ModuleName>System.Net.Http</ModuleName>
      <Classes />
    </Module>
    <Module skippedDueTo="Filter" hash="9A-81-AA-24-8D-3C-27-19-62-B3-C8-08-0D-7C-E5-99-37-A2-F9-08">
      <ModulePath>c:\program files\dotnet\shared\Microsoft.NETCore.App\2.1.3-servicing-26724-03\System.Net.Primitives.dll</ModulePath>
      <ModuleTime>2018-07-24T15:37:36Z</ModuleTime>
      <ModuleName>System.Net.Primitives</ModuleName>
      <Classes />
    </Module>
    <Module skippedDueTo="Filter" hash="23-F7-84-13-6B-96-EE-74-9D-31-5E-7B-64-C8-C3-C4-C5-16-E5-36">
      <ModulePath>c:\program files\dotnet\shared\Microsoft.NETCore.App\2.1.3-servicing-26724-03\System.Net.Security.dll</ModulePath>
      <ModuleTime>2018-07-24T15:37:36Z</ModuleTime>
      <ModuleName>System.Net.Security</ModuleName>
      <Classes />
    </Module>
    <Module skippedDueTo="Filter" hash="6E-C8-44-01-50-90-3D-1F-C1-87-E1-CB-EA-33-B1-8E-15-F1-2F-37">
      <ModulePath>c:\program files\dotnet\shared\Microsoft.NETCore.App\2.1.3-servicing-26724-03\System.Security.Cryptography.X509Certificates.dll</ModulePath>
      <ModuleTime>2018-07-24T15:37:44Z</ModuleTime>
      <ModuleName>System.Security.Cryptography.X509Certificates</ModuleName>
      <Classes />
    </Module>
    <Module skippedDueTo="MissingPdb" hash="AA-2E-9F-50-DB-14-41-75-40-27-B9-16-1D-78-B1-88-1B-04-2A-07">
      <ModulePath>c:\program files\dotnet\sdk\2.1.401\Microsoft.Build.Framework.dll</ModulePath>
      <ModuleTime>2018-08-02T14:12:00Z</ModuleTime>
      <ModuleName>Microsoft.Build.Framework</ModuleName>
      <Classes />
    </Module>
    <Module skippedDueTo="Filter" hash="69-AC-E6-2D-7F-38-6E-79-A6-D6-76-81-5B-ED-2C-A8-08-C3-C3-E5">
      <ModulePath>c:\program files\dotnet\shared\Microsoft.NETCore.App\2.1.3-servicing-26724-03\System.ComponentModel.Primitives.dll</ModulePath>
      <ModuleTime>2018-07-24T15:37:30Z</ModuleTime>
      <ModuleName>System.ComponentModel.Primitives</ModuleName>
      <Classes />
    </Module>
    <Module skippedDueTo="MissingPdb" hash="B6-10-E2-14-5C-3C-71-A4-3B-CB-AC-FC-A5-2D-BA-01-4E-28-33-15">
      <ModulePath>c:\program files\dotnet\shared\Microsoft.NETCore.App\2.1.3-servicing-26724-03\Microsoft.Win32.Primitives.dll</ModulePath>
      <ModuleTime>2018-07-24T15:37:28Z</ModuleTime>
      <ModuleName>Microsoft.Win32.Primitives</ModuleName>
      <Classes />
    </Module>
    <Module skippedDueTo="Filter" hash="27-D3-6C-A4-FD-F8-DA-7C-B2-8F-F2-CC-F8-D0-B4-42-E3-BC-5C-32">
      <ModulePath>c:\program files\dotnet\shared\Microsoft.NETCore.App\2.1.3-servicing-26724-03\System.Diagnostics.DiagnosticSource.dll</ModulePath>
      <ModuleTime>2018-07-24T15:37:32Z</ModuleTime>
      <ModuleName>System.Diagnostics.DiagnosticSource</ModuleName>
      <Classes />
    </Module>
    <Module skippedDueTo="Filter" hash="24-D2-7A-AF-46-CA-DF-11-BE-06-A9-DD-F4-80-02-13-7A-1C-2F-A5">
      <ModulePath>c:\program files\dotnet\shared\Microsoft.NETCore.App\2.1.3-servicing-26724-03\System.Collections.NonGeneric.dll</ModulePath>
      <ModuleTime>2018-07-24T15:37:30Z</ModuleTime>
      <ModuleName>System.Collections.NonGeneric</ModuleName>
      <Classes />
    </Module>
    <Module skippedDueTo="Filter" hash="DD-03-DC-99-30-21-36-96-17-57-41-9A-0A-3E-7C-37-EE-1C-2A-E4">
      <ModulePath>c:\program files\dotnet\shared\Microsoft.NETCore.App\2.1.3-servicing-26724-03\System.Threading.Timer.dll</ModulePath>
      <ModuleTime>2018-07-24T15:37:46Z</ModuleTime>
      <ModuleName>System.Threading.Timer</ModuleName>
      <Classes />
    </Module>
    <Module skippedDueTo="Filter" hash="CD-D9-21-E0-54-54-7E-79-74-8D-D4-80-64-7F-D5-89-9B-75-A1-5C">
      <ModulePath>c:\program files\dotnet\shared\Microsoft.NETCore.App\2.1.3-servicing-26724-03\System.Net.Sockets.dll</ModulePath>
      <ModuleTime>2018-07-24T15:37:36Z</ModuleTime>
      <ModuleName>System.Net.Sockets</ModuleName>
      <Classes />
    </Module>
    <Module skippedDueTo="Filter" hash="10-36-0A-1E-B1-0D-4B-C8-DF-04-EA-E1-9E-3C-A3-24-4C-07-25-3E">
      <ModulePath>c:\program files\dotnet\shared\Microsoft.NETCore.App\2.1.3-servicing-26724-03\System.Threading.Overlapped.dll</ModulePath>
      <ModuleTime>2018-07-24T15:37:46Z</ModuleTime>
      <ModuleName>System.Threading.Overlapped</ModuleName>
      <Classes />
    </Module>
    <Module skippedDueTo="Filter" hash="23-7D-A2-EC-85-57-0E-69-AE-4E-F1-11-B9-91-3D-5F-87-24-02-40">
      <ModulePath>c:\program files\dotnet\shared\Microsoft.NETCore.App\2.1.3-servicing-26724-03\System.Net.NameResolution.dll</ModulePath>
      <ModuleTime>2018-07-24T15:37:36Z</ModuleTime>
      <ModuleName>System.Net.NameResolution</ModuleName>
      <Classes />
    </Module>
    <Module skippedDueTo="Filter" hash="00-AF-2D-A7-84-B6-E8-05-BC-DD-EF-E9-82-BA-EA-8A-01-A7-50-C2">
      <ModulePath>c:\program files\dotnet\shared\Microsoft.NETCore.App\2.1.3-servicing-26724-03\System.Security.Principal.Windows.dll</ModulePath>
      <ModuleTime>2018-07-24T15:37:44Z</ModuleTime>
      <ModuleName>System.Security.Principal.Windows</ModuleName>
      <Classes />
    </Module>
    <Module skippedDueTo="Filter" hash="91-48-9F-1D-8C-10-71-89-A1-A4-9D-73-D7-49-65-65-BC-7A-44-58">
      <ModulePath>c:\program files\dotnet\shared\Microsoft.NETCore.App\2.1.3-servicing-26724-03\System.Security.Claims.dll</ModulePath>
      <ModuleTime>2018-07-24T15:37:44Z</ModuleTime>
      <ModuleName>System.Security.Claims</ModuleName>
      <Classes />
    </Module>
    <Module skippedDueTo="Filter" hash="23-29-4E-11-DD-18-34-B0-70-F6-99-0F-41-A2-93-D7-07-DA-BA-0D">
      <ModulePath>c:\program files\dotnet\shared\Microsoft.NETCore.App\2.1.3-servicing-26724-03\System.Security.Principal.dll</ModulePath>
      <ModuleTime>2018-07-24T15:37:44Z</ModuleTime>
      <ModuleName>System.Security.Principal</ModuleName>
      <Classes />
    </Module>
    <Module skippedDueTo="Filter" hash="00-E4-A9-6F-CF-BE-E6-78-80-D2-6C-6C-56-CF-F3-16-65-C6-22-7B">
      <ModulePath>c:\program files\dotnet\shared\Microsoft.NETCore.App\2.1.3-servicing-26724-03\System.Private.CoreLib.dll</ModulePath>
      <ModuleTime>2018-07-24T15:37:48Z</ModuleTime>
      <ModuleName>System.Private.CoreLib</ModuleName>
      <Classes />
    </Module>
    <Module skippedDueTo="MissingPdb" hash="3F-7D-2D-F6-C1-78-DF-6B-AD-C3-1C-2E-E6-C6-96-FB-30-45-5F-6E">
      <ModulePath>c:\program files\dotnet\sdk\2.1.401\MSBuild.dll</ModulePath>
      <ModuleTime>2018-08-02T14:14:32Z</ModuleTime>
      <ModuleName>MSBuild</ModuleName>
      <Classes />
    </Module>
    <Module skippedDueTo="Filter" hash="3A-16-18-54-B5-AE-4C-EE-71-50-76-7C-CD-9F-57-26-DD-16-7D-14">
      <ModulePath>c:\program files\dotnet\shared\Microsoft.NETCore.App\2.1.3-servicing-26724-03\System.Runtime.dll</ModulePath>
      <ModuleTime>2018-07-24T15:37:44Z</ModuleTime>
      <ModuleName>System.Runtime</ModuleName>
      <Classes />
    </Module>
    <Module skippedDueTo="Filter" hash="73-62-91-0D-0F-97-D1-91-6B-C8-77-1C-53-D1-E9-78-B2-F7-44-64">
      <ModulePath>c:\program files\dotnet\shared\Microsoft.NETCore.App\2.1.3-servicing-26724-03\System.Runtime.Extensions.dll</ModulePath>
      <ModuleTime>2018-07-24T15:37:42Z</ModuleTime>
      <ModuleName>System.Runtime.Extensions</ModuleName>
      <Classes />
    </Module>
    <Module skippedDueTo="Filter" hash="ED-6E-58-E1-81-21-C3-C6-84-85-47-4A-AC-CB-7C-27-9E-92-53-70">
      <ModulePath>c:\program files\dotnet\shared\Microsoft.NETCore.App\2.1.3-servicing-26724-03\System.Threading.dll</ModulePath>
      <ModuleTime>2018-07-24T15:37:46Z</ModuleTime>
      <ModuleName>System.Threading</ModuleName>
      <Classes />
    </Module>
    <Module skippedDueTo="Filter" hash="CF-14-CB-89-E0-FF-9A-93-CF-09-DD-25-7B-9B-C2-CE-23-24-47-08">
      <ModulePath>c:\program files\dotnet\shared\Microsoft.NETCore.App\2.1.3-servicing-26724-03\System.Runtime.InteropServices.RuntimeInformation.dll</ModulePath>
      <ModuleTime>2018-07-24T15:37:42Z</ModuleTime>
      <ModuleName>System.Runtime.InteropServices.RuntimeInformation</ModuleName>
      <Classes />
    </Module>
    <Module skippedDueTo="Filter" hash="C6-27-AA-78-7A-17-BC-CC-B2-50-62-CB-F1-1D-C4-0E-36-A6-F4-EA">
      <ModulePath>c:\program files\dotnet\shared\Microsoft.NETCore.App\2.1.3-servicing-26724-03\System.Linq.dll</ModulePath>
      <ModuleTime>2018-07-24T15:37:34Z</ModuleTime>
      <ModuleName>System.Linq</ModuleName>
      <Classes />
    </Module>
    <Module skippedDueTo="Filter" hash="0C-9C-5A-2B-CC-6C-A5-D8-28-F8-DE-1A-7A-59-E6-CB-BE-EF-1E-FD">
      <ModulePath>c:\program files\dotnet\shared\Microsoft.NETCore.App\2.1.3-servicing-26724-03\System.Text.RegularExpressions.dll</ModulePath>
      <ModuleTime>2018-07-24T15:37:44Z</ModuleTime>
      <ModuleName>System.Text.RegularExpressions</ModuleName>
      <Classes />
    </Module>
    <Module skippedDueTo="Filter" hash="8A-72-20-D9-FE-A6-F4-20-F1-D2-F7-CE-FA-6E-30-8D-29-CF-30-CC">
      <ModulePath>c:\program files\dotnet\shared\Microsoft.NETCore.App\2.1.3-servicing-26724-03\System.Collections.dll</ModulePath>
      <ModuleTime>2018-07-24T15:37:30Z</ModuleTime>
      <ModuleName>System.Collections</ModuleName>
      <Classes />
    </Module>
    <Module skippedDueTo="Filter" hash="BB-95-57-72-D0-E6-9B-03-9B-F2-C3-D8-44-FE-C2-88-CD-EC-58-D0">
      <ModulePath>c:\program files\dotnet\shared\Microsoft.NETCore.App\2.1.3-servicing-26724-03\System.Security.Cryptography.Encoding.dll</ModulePath>
      <ModuleTime>2018-07-24T15:37:44Z</ModuleTime>
      <ModuleName>System.Security.Cryptography.Encoding</ModuleName>
      <Classes />
    </Module>
    <Module skippedDueTo="Filter" hash="7D-53-96-99-54-6B-DE-77-B2-0A-D8-C7-A7-D0-09-47-1C-EA-F7-AF">
      <ModulePath>c:\program files\dotnet\shared\Microsoft.NETCore.App\2.1.3-servicing-26724-03\System.Buffers.dll</ModulePath>
      <ModuleTime>2018-07-24T15:37:28Z</ModuleTime>
      <ModuleName>System.Buffers</ModuleName>
      <Classes />
    </Module>
    <Module skippedDueTo="Filter" hash="1A-7F-06-34-00-8C-AC-4D-C3-C5-3A-C4-13-DA-F9-CA-C7-72-9F-DF">
      <ModulePath>c:\program files\dotnet\shared\Microsoft.NETCore.App\2.1.3-servicing-26724-03\System.IO.FileSystem.dll</ModulePath>
      <ModuleTime>2018-07-24T15:37:34Z</ModuleTime>
      <ModuleName>System.IO.FileSystem</ModuleName>
      <Classes />
    </Module>
    <Module skippedDueTo="Filter" hash="5E-33-9F-76-37-0A-CA-29-C3-5D-6D-FE-60-7B-F3-67-49-9C-8A-BC">
      <ModulePath>c:\program files\dotnet\shared\Microsoft.NETCore.App\2.1.3-servicing-26724-03\System.Memory.dll</ModulePath>
      <ModuleTime>2018-07-24T15:37:34Z</ModuleTime>
      <ModuleName>System.Memory</ModuleName>
      <Classes />
    </Module>
    <Module skippedDueTo="Filter" hash="46-4F-75-C9-75-BD-8F-57-5F-46-42-44-87-B3-36-7D-AB-D8-0F-47">
      <ModulePath>c:\program files\dotnet\shared\Microsoft.NETCore.App\2.1.3-servicing-26724-03\System.Runtime.InteropServices.dll</ModulePath>
      <ModuleTime>2018-07-24T15:37:42Z</ModuleTime>
      <ModuleName>System.Runtime.InteropServices</ModuleName>
      <Classes />
    </Module>
    <Module skippedDueTo="Filter" hash="AC-F3-9F-D2-6B-E4-26-9E-27-4C-62-85-3C-A5-25-60-A8-CB-01-D3">
      <ModulePath>c:\program files\dotnet\shared\Microsoft.NETCore.App\2.1.3-servicing-26724-03\System.Console.dll</ModulePath>
      <ModuleTime>2018-07-24T15:37:30Z</ModuleTime>
      <ModuleName>System.Console</ModuleName>
      <Classes />
    </Module>
    <Module skippedDueTo="Filter" hash="A6-B6-40-1A-96-4A-45-CB-18-02-D9-91-1C-54-1D-D6-68-69-2B-86">
      <ModulePath>c:\program files\dotnet\shared\Microsoft.NETCore.App\2.1.3-servicing-26724-03\System.Diagnostics.Process.dll</ModulePath>
      <ModuleTime>2018-07-24T15:37:32Z</ModuleTime>
      <ModuleName>System.Diagnostics.Process</ModuleName>
      <Classes />
    </Module>
    <Module skippedDueTo="Filter" hash="69-AC-E6-2D-7F-38-6E-79-A6-D6-76-81-5B-ED-2C-A8-08-C3-C3-E5">
      <ModulePath>c:\program files\dotnet\shared\Microsoft.NETCore.App\2.1.3-servicing-26724-03\System.ComponentModel.Primitives.dll</ModulePath>
      <ModuleTime>2018-07-24T15:37:30Z</ModuleTime>
      <ModuleName>System.ComponentModel.Primitives</ModuleName>
      <Classes />
    </Module>
    <Module skippedDueTo="MissingPdb" hash="AA-2E-9F-50-DB-14-41-75-40-27-B9-16-1D-78-B1-88-1B-04-2A-07">
      <ModulePath>c:\program files\dotnet\sdk\2.1.401\Microsoft.Build.Framework.dll</ModulePath>
      <ModuleTime>2018-08-02T14:12:00Z</ModuleTime>
      <ModuleName>Microsoft.Build.Framework</ModuleName>
      <Classes />
    </Module>
    <Module skippedDueTo="MissingPdb" hash="8A-01-79-11-EE-D8-7E-6A-43-90-50-F7-2A-DE-15-50-55-0F-1A-4C">
      <ModulePath>c:\program files\dotnet\shared\Microsoft.NETCore.App\2.1.3-servicing-26724-03\netstandard.dll</ModulePath>
      <ModuleTime>2018-07-24T15:37:48Z</ModuleTime>
      <ModuleName>netstandard</ModuleName>
      <Classes />
    </Module>
    <Module skippedDueTo="MissingPdb" hash="6D-7D-47-60-B1-95-83-3C-02-A8-E9-4D-31-28-55-A7-2A-B3-F0-BF">
      <ModulePath>c:\program files\dotnet\sdk\2.1.401\Microsoft.Build.dll</ModulePath>
      <ModuleTime>2018-08-02T14:11:52Z</ModuleTime>
      <ModuleName>Microsoft.Build</ModuleName>
      <Classes />
    </Module>
    <Module skippedDueTo="Filter" hash="BC-ED-C9-B7-1D-19-0A-CB-89-08-24-DF-C0-07-B5-D6-32-D1-34-C2">
      <ModulePath>c:\program files\dotnet\sdk\2.1.401\runtimes\win\lib\netcoreapp2.0\System.Text.Encoding.CodePages.dll</ModulePath>
      <ModuleTime>2018-08-02T14:12:14Z</ModuleTime>
      <ModuleName>System.Text.Encoding.CodePages</ModuleName>
      <Classes />
    </Module>
    <Module skippedDueTo="Filter" hash="D8-39-5F-C6-CA-A0-A9-41-20-AA-8B-B4-38-77-9B-8F-22-56-24-9F">
      <ModulePath>c:\program files\dotnet\shared\Microsoft.NETCore.App\2.1.3-servicing-26724-03\System.Collections.Concurrent.dll</ModulePath>
      <ModuleTime>2018-07-24T15:37:28Z</ModuleTime>
      <ModuleName>System.Collections.Concurrent</ModuleName>
      <Classes />
    </Module>
    <Module skippedDueTo="MissingPdb" hash="E7-77-3F-CC-07-ED-13-14-11-79-A5-DF-33-C9-19-1C-C2-77-C8-4B">
      <ModulePath>c:\program files\dotnet\sdk\2.1.401\dotnet.dll</ModulePath>
      <ModuleTime>2018-08-02T14:12:16Z</ModuleTime>
      <ModuleName>dotnet</ModuleName>
      <Classes />
    </Module>
    <Module skippedDueTo="MissingPdb" hash="ED-17-4B-17-22-7D-5E-00-A6-32-8F-99-13-65-F9-46-25-DA-CF-E7">
      <ModulePath>c:\program files\dotnet\sdk\2.1.401\Microsoft.DotNet.Tools.MigrateCommand.dll</ModulePath>
      <ModuleTime>2018-08-02T14:12:00Z</ModuleTime>
      <ModuleName>Microsoft.DotNet.Tools.MigrateCommand</ModuleName>
      <Classes />
    </Module>
    <Module skippedDueTo="MissingPdb" hash="F6-8E-45-89-68-F4-C6-AF-E2-C5-C3-9C-DE-27-57-DC-88-C4-AC-2D">
      <ModulePath>c:\program files\dotnet\sdk\2.1.401\Microsoft.DotNet.Configurer.dll</ModulePath>
      <ModuleTime>2018-08-02T14:12:00Z</ModuleTime>
      <ModuleName>Microsoft.DotNet.Configurer</ModuleName>
      <Classes />
    </Module>
    <Module skippedDueTo="MissingPdb" hash="B6-7C-2D-1C-56-A7-BC-28-BD-8C-D7-89-E8-BB-94-F0-80-FD-8E-4E">
      <ModulePath>c:\program files\dotnet\sdk\2.1.401\Microsoft.DotNet.Cli.Utils.dll</ModulePath>
      <ModuleTime>2018-08-02T14:11:50Z</ModuleTime>
      <ModuleName>Microsoft.DotNet.Cli.Utils</ModuleName>
      <Classes />
    </Module>
    <Module skippedDueTo="MissingPdb" hash="87-4B-C2-8D-B3-DB-4F-04-D9-DD-83-BA-3E-94-F5-72-45-C8-8A-40">
      <ModulePath>c:\program files\dotnet\sdk\2.1.401\NuGet.Frameworks.dll</ModulePath>
      <ModuleTime>2018-08-02T14:13:48Z</ModuleTime>
      <ModuleName>NuGet.Frameworks</ModuleName>
      <Classes />
    </Module>
    <Module skippedDueTo="MissingPdb" hash="BC-F6-24-5B-87-EB-2C-60-1E-A8-7D-80-B6-DA-F7-AE-2B-62-12-4B">
      <ModulePath>c:\program files\dotnet\sdk\2.1.401\Microsoft.DotNet.InternalAbstractions.dll</ModulePath>
      <ModuleTime>2018-08-02T14:12:00Z</ModuleTime>
      <ModuleName>Microsoft.DotNet.InternalAbstractions</ModuleName>
      <Classes />
    </Module>
    <Module skippedDueTo="Filter" hash="A6-7B-63-8E-04-7B-40-B7-97-3D-0A-8E-21-15-82-34-1D-91-63-07">
      <ModulePath>c:\program files\dotnet\shared\Microsoft.NETCore.App\2.1.3-servicing-26724-03\System.IO.FileSystem.Primitives.dll</ModulePath>
      <ModuleTime>2018-07-24T15:37:32Z</ModuleTime>
      <ModuleName>System.IO.FileSystem.Primitives</ModuleName>
      <Classes />
    </Module>
    <Module skippedDueTo="Filter" hash="5A-FD-8A-AE-F7-3F-72-FF-88-18-36-4C-14-F4-86-F9-60-C3-EA-B7">
      <ModulePath>c:\program files\dotnet\shared\Microsoft.NETCore.App\2.1.3-servicing-26724-03\System.Text.Encoding.Extensions.dll</ModulePath>
      <ModuleTime>2018-07-24T15:37:44Z</ModuleTime>
      <ModuleName>System.Text.Encoding.Extensions</ModuleName>
      <Classes />
    </Module>
    <Module skippedDueTo="MissingPdb" hash="04-46-16-F0-AA-51-90-FD-44-61-5D-50-48-7F-59-6A-7D-89-43-18">
      <ModulePath>c:\program files\dotnet\sdk\2.1.401\Microsoft.ApplicationInsights.dll</ModulePath>
      <ModuleTime>2018-08-02T14:12:00Z</ModuleTime>
      <ModuleName>Microsoft.ApplicationInsights</ModuleName>
      <Classes />
    </Module>
    <Module skippedDueTo="MissingPdb" hash="53-8A-9C-D6-72-1A-7D-63-80-28-16-4D-C0-A2-71-54-3A-0C-F3-76">
      <ModulePath>c:\program files\dotnet\sdk\2.1.401\Microsoft.DotNet.PlatformAbstractions.dll</ModulePath>
      <ModuleTime>2018-08-02T14:12:10Z</ModuleTime>
      <ModuleName>Microsoft.DotNet.PlatformAbstractions</ModuleName>
      <Classes />
    </Module>
    <Module skippedDueTo="Filter" hash="4F-58-A3-B1-1E-D8-D4-56-A1-70-E3-2A-94-F8-B3-E1-75-46-BF-9D">
      <ModulePath>c:\program files\dotnet\shared\Microsoft.NETCore.App\2.1.3-servicing-26724-03\System.Reflection.Extensions.dll</ModulePath>
      <ModuleTime>2018-07-24T15:37:42Z</ModuleTime>
      <ModuleName>System.Reflection.Extensions</ModuleName>
      <Classes />
    </Module>
    <Module skippedDueTo="Filter" hash="02-6C-C6-76-70-14-F8-B6-77-F9-4D-6F-30-5F-DE-92-BE-A9-95-09">
      <ModulePath>c:\program files\dotnet\shared\Microsoft.NETCore.App\2.1.3-servicing-26724-03\System.Reflection.dll</ModulePath>
      <ModuleTime>2018-07-24T15:37:42Z</ModuleTime>
      <ModuleName>System.Reflection</ModuleName>
      <Classes />
    </Module>
    <Module skippedDueTo="Filter" hash="B8-76-C0-EC-37-41-D7-1D-2D-D8-A4-8D-A0-3E-E7-CB-C3-53-30-80">
      <ModulePath>c:\program files\dotnet\shared\Microsoft.NETCore.App\2.1.3-servicing-26724-03\System.Xml.XDocument.dll</ModulePath>
      <ModuleTime>2018-07-24T15:37:48Z</ModuleTime>
      <ModuleName>System.Xml.XDocument</ModuleName>
      <Classes />
    </Module>
    <Module skippedDueTo="Filter" hash="99-76-F6-C2-CE-1B-77-0D-5D-E4-7D-91-F7-C4-58-8F-37-2C-D1-83">
      <ModulePath>c:\program files\dotnet\shared\Microsoft.NETCore.App\2.1.3-servicing-26724-03\System.Private.Xml.Linq.dll</ModulePath>
      <ModuleTime>2018-07-24T15:37:40Z</ModuleTime>
      <ModuleName>System.Private.Xml.Linq</ModuleName>
      <Classes />
    </Module>
    <Module skippedDueTo="Filter" hash="E8-41-CF-61-54-2D-F4-68-4D-67-EC-A2-2D-F7-F3-C9-A0-13-5B-E9">
      <ModulePath>c:\program files\dotnet\shared\Microsoft.NETCore.App\2.1.3-servicing-26724-03\System.Threading.ThreadPool.dll</ModulePath>
      <ModuleTime>2018-07-24T15:37:46Z</ModuleTime>
      <ModuleName>System.Threading.ThreadPool</ModuleName>
      <Classes />
    </Module>
    <Module skippedDueTo="Filter" hash="A5-35-64-8F-CB-8C-63-4A-AA-11-FE-C9-08-7D-BD-DF-92-56-9E-44">
      <ModulePath>c:\program files\dotnet\shared\Microsoft.NETCore.App\2.1.3-servicing-26724-03\System.Private.Xml.dll</ModulePath>
      <ModuleTime>2018-07-24T15:37:40Z</ModuleTime>
      <ModuleName>System.Private.Xml</ModuleName>
      <Classes />
    </Module>
    <Module skippedDueTo="Filter" hash="57-AF-FA-20-21-06-01-6F-2D-79-51-35-14-04-D2-5C-A4-33-BC-03">
      <ModulePath>c:\program files\dotnet\shared\Microsoft.NETCore.App\2.1.3-servicing-26724-03\System.Xml.ReaderWriter.dll</ModulePath>
      <ModuleTime>2018-07-24T15:37:48Z</ModuleTime>
      <ModuleName>System.Xml.ReaderWriter</ModuleName>
      <Classes />
    </Module>
    <Module skippedDueTo="Filter" hash="6D-3F-92-9B-36-AE-79-87-6E-B0-AE-A8-A6-EF-73-74-96-83-AA-06">
      <ModulePath>c:\program files\dotnet\shared\Microsoft.NETCore.App\2.1.3-servicing-26724-03\System.Diagnostics.Tracing.dll</ModulePath>
      <ModuleTime>2018-07-24T15:37:32Z</ModuleTime>
      <ModuleName>System.Diagnostics.Tracing</ModuleName>
      <Classes />
    </Module>
    <Module skippedDueTo="Filter" hash="E9-F7-F2-DD-56-69-E8-14-A2-80-8F-B7-A6-42-8E-A9-66-32-E9-1F">
      <ModulePath>c:\program files\dotnet\shared\Microsoft.NETCore.App\2.1.3-servicing-26724-03\System.Private.Uri.dll</ModulePath>
      <ModuleTime>2018-07-24T15:37:40Z</ModuleTime>
      <ModuleName>System.Private.Uri</ModuleName>
      <Classes />
    </Module>
    <Module skippedDueTo="Filter" hash="86-83-55-9E-E4-B3-0A-96-44-74-49-D3-07-AB-37-EE-51-B7-B4-1A">
      <ModulePath>c:\program files\dotnet\shared\Microsoft.NETCore.App\2.1.3-servicing-26724-03\System.Threading.Tasks.dll</ModulePath>
      <ModuleTime>2018-07-24T15:37:46Z</ModuleTime>
      <ModuleName>System.Threading.Tasks</ModuleName>
      <Classes />
    </Module>
    <Module skippedDueTo="Filter" hash="41-5D-4E-8C-A9-DF-B8-6D-A7-B8-A3-AD-54-30-FC-37-FB-3E-9D-44">
      <ModulePath>c:\program files\dotnet\shared\Microsoft.NETCore.App\2.1.3-servicing-26724-03\System.Globalization.dll</ModulePath>
      <ModuleTime>2018-07-24T15:37:32Z</ModuleTime>
      <ModuleName>System.Globalization</ModuleName>
      <Classes />
    </Module>
    <Module skippedDueTo="Filter" hash="1D-0E-6B-35-54-DA-31-8C-55-36-3E-D3-C6-A6-53-1F-7F-16-8D-91">
      <ModulePath>c:\program files\dotnet\shared\Microsoft.NETCore.App\2.1.3-servicing-26724-03\System.Threading.Tasks.Dataflow.dll</ModulePath>
      <ModuleTime>2018-07-24T15:37:46Z</ModuleTime>
      <ModuleName>System.Threading.Tasks.Dataflow</ModuleName>
      <Classes />
    </Module>
    <Module skippedDueTo="Filter" hash="EA-B1-A7-1B-D2-E0-51-86-8B-0D-E9-88-DD-4C-FD-A0-03-BF-C9-0B">
      <ModulePath>c:\program files\dotnet\shared\Microsoft.NETCore.App\2.1.3-servicing-26724-03\System.Security.Cryptography.Algorithms.dll</ModulePath>
      <ModuleTime>2018-07-24T15:37:44Z</ModuleTime>
      <ModuleName>System.Security.Cryptography.Algorithms</ModuleName>
      <Classes />
    </Module>
    <Module skippedDueTo="Filter" hash="EA-80-FC-94-FF-7A-DC-C3-72-A7-2F-D4-D4-E6-A2-C3-7A-14-2A-71">
      <ModulePath>c:\program files\dotnet\shared\Microsoft.NETCore.App\2.1.3-servicing-26724-03\System.Security.Cryptography.Primitives.dll</ModulePath>
      <ModuleTime>2018-07-24T15:37:44Z</ModuleTime>
      <ModuleName>System.Security.Cryptography.Primitives</ModuleName>
      <Classes />
    </Module>
    <Module skippedDueTo="MissingPdb" hash="F7-BF-3A-17-30-BD-AB-5F-44-AE-E3-50-28-C8-5E-A2-9F-85-FD-8B">
      <ModulePath>c:\program files\dotnet\shared\Microsoft.NETCore.App\2.1.3-servicing-26724-03\Microsoft.Win32.Registry.dll</ModulePath>
      <ModuleTime>2018-07-24T15:37:28Z</ModuleTime>
      <ModuleName>Microsoft.Win32.Registry</ModuleName>
      <Classes />
    </Module>
    <Module skippedDueTo="Filter" hash="2C-2E-65-16-0B-96-EB-67-1B-A9-5A-21-C2-B0-A2-1A-52-85-78-BF">
      <ModulePath>c:\program files\dotnet\shared\Microsoft.NETCore.App\2.1.3-servicing-26724-03\System.Resources.ResourceManager.dll</ModulePath>
      <ModuleTime>2018-07-24T15:37:42Z</ModuleTime>
      <ModuleName>System.Resources.ResourceManager</ModuleName>
      <Classes />
    </Module>
    <Module skippedDueTo="MissingPdb" hash="87-3F-39-F4-DB-AD-88-2E-20-9C-27-A3-0F-24-A7-EE-49-7E-22-EC">
      <ModulePath>c:\program files\dotnet\sdk\2.1.401\pt-BR\Microsoft.Build.resources.dll</ModulePath>
      <ModuleTime>2018-08-02T14:12:18Z</ModuleTime>
      <ModuleName>Microsoft.Build.resources</ModuleName>
      <Classes />
    </Module>
    <Module skippedDueTo="Filter" hash="CE-56-5E-78-E8-FA-43-DB-40-58-A0-57-00-56-B8-D4-B3-77-30-B0">
      <ModulePath>c:\program files\dotnet\shared\Microsoft.NETCore.App\2.1.3-servicing-26724-03\System.ObjectModel.dll</ModulePath>
      <ModuleTime>2018-07-24T15:37:36Z</ModuleTime>
      <ModuleName>System.ObjectModel</ModuleName>
      <Classes />
    </Module>
    <Module skippedDueTo="Filter" hash="82-33-9E-BF-C5-E6-40-81-81-B6-71-3B-DC-26-08-95-C2-58-AE-0A">
      <ModulePath>c:\program files\dotnet\shared\Microsoft.NETCore.App\2.1.3-servicing-26724-03\System.Threading.Thread.dll</ModulePath>
      <ModuleTime>2018-07-24T15:37:46Z</ModuleTime>
      <ModuleName>System.Threading.Thread</ModuleName>
      <Classes />
    </Module>
    <Module skippedDueTo="Filter" hash="F7-A0-16-30-5C-C1-53-52-BB-CB-92-5C-EC-19-F7-03-C3-2C-A1-A2">
      <ModulePath>c:\program files\dotnet\shared\Microsoft.NETCore.App\2.1.3-servicing-26724-03\System.Diagnostics.TraceSource.dll</ModulePath>
      <ModuleTime>2018-07-24T15:37:32Z</ModuleTime>
      <ModuleName>System.Diagnostics.TraceSource</ModuleName>
      <Classes />
    </Module>
    <Module skippedDueTo="Filter" hash="CA-06-FF-8B-99-7C-EB-FA-D3-6C-24-F2-31-0B-BF-2B-12-B7-38-39">
      <ModulePath>c:\program files\dotnet\shared\Microsoft.NETCore.App\2.1.3-servicing-26724-03\System.Collections.Immutable.dll</ModulePath>
      <ModuleTime>2018-07-24T15:37:28Z</ModuleTime>
      <ModuleName>System.Collections.Immutable</ModuleName>
      <Classes />
    </Module>
    <Module skippedDueTo="Filter" hash="A8-2B-B8-5C-05-B0-38-F6-3A-10-40-9A-36-A9-FA-53-34-19-4C-8D">
      <ModulePath>c:\program files\dotnet\shared\Microsoft.NETCore.App\2.1.3-servicing-26724-03\System.Runtime.Serialization.Xml.dll</ModulePath>
      <ModuleTime>2018-07-24T15:37:44Z</ModuleTime>
      <ModuleName>System.Runtime.Serialization.Xml</ModuleName>
      <Classes />
    </Module>
    <Module skippedDueTo="Filter" hash="8B-25-F6-8C-D4-12-30-57-9F-43-A2-3F-E7-E4-1C-4F-6C-83-5B-00">
      <ModulePath>c:\program files\dotnet\shared\Microsoft.NETCore.App\2.1.3-servicing-26724-03\System.Private.DataContractSerialization.dll</ModulePath>
      <ModuleTime>2018-07-24T15:37:38Z</ModuleTime>
      <ModuleName>System.Private.DataContractSerialization</ModuleName>
      <Classes />
    </Module>
    <Module skippedDueTo="Filter" hash="2C-2C-18-EA-C8-14-88-33-80-D1-68-96-A8-2E-1A-7F-DC-14-44-49">
      <ModulePath>c:\program files\dotnet\shared\Microsoft.NETCore.App\2.1.3-servicing-26724-03\System.Runtime.Serialization.Primitives.dll</ModulePath>
      <ModuleTime>2018-07-24T15:37:44Z</ModuleTime>
      <ModuleName>System.Runtime.Serialization.Primitives</ModuleName>
      <Classes />
    </Module>
    <Module skippedDueTo="Filter" hash="78-81-29-41-CE-46-81-78-13-EC-E7-5C-EC-27-E2-28-ED-7F-05-C0">
      <ModulePath>c:\program files\dotnet\shared\Microsoft.NETCore.App\2.1.3-servicing-26724-03\System.Reflection.Emit.ILGeneration.dll</ModulePath>
      <ModuleTime>2018-07-24T15:37:40Z</ModuleTime>
      <ModuleName>System.Reflection.Emit.ILGeneration</ModuleName>
      <Classes />
    </Module>
    <Module skippedDueTo="Filter" hash="D8-B2-86-82-AF-CB-18-28-DE-64-DC-F6-1F-76-CC-4A-2D-6F-12-24">
      <ModulePath>c:\program files\dotnet\shared\Microsoft.NETCore.App\2.1.3-servicing-26724-03\System.Reflection.Emit.Lightweight.dll</ModulePath>
      <ModuleTime>2018-07-24T15:37:40Z</ModuleTime>
      <ModuleName>System.Reflection.Emit.Lightweight</ModuleName>
      <Classes />
    </Module>
    <Module skippedDueTo="Filter" hash="66-3C-9F-DF-48-36-5D-8C-D3-CC-92-D5-04-AA-A1-76-BF-8C-B6-9F">
      <ModulePath>c:\program files\dotnet\shared\Microsoft.NETCore.App\2.1.3-servicing-26724-03\System.Reflection.Primitives.dll</ModulePath>
      <ModuleTime>2018-07-24T15:37:42Z</ModuleTime>
      <ModuleName>System.Reflection.Primitives</ModuleName>
      <Classes />
    </Module>
    <Module skippedDueTo="Filter" hash="F0-19-7F-2A-3C-A6-CF-A6-6A-18-3B-D4-32-25-FF-F3-BB-CD-17-A6">
      <ModulePath>c:\program files\dotnet\shared\Microsoft.NETCore.App\2.1.3-servicing-26724-03\System.Runtime.Serialization.Formatters.dll</ModulePath>
      <ModuleTime>2018-07-24T15:37:44Z</ModuleTime>
      <ModuleName>System.Runtime.Serialization.Formatters</ModuleName>
      <Classes />
    </Module>
    <Module skippedDueTo="Filter" hash="57-A6-35-64-AA-E2-16-B9-34-C1-84-33-EE-A9-E5-79-55-50-EF-AD">
      <ModulePath>c:\program files\dotnet\shared\Microsoft.NETCore.App\2.1.3-servicing-26724-03\System.Runtime.Loader.dll</ModulePath>
      <ModuleTime>2018-07-24T15:37:44Z</ModuleTime>
      <ModuleName>System.Runtime.Loader</ModuleName>
      <Classes />
    </Module>
    <Module skippedDueTo="MissingPdb" hash="22-7F-54-A2-7C-B7-A8-31-39-26-96-E6-A3-87-C3-C7-F4-44-F3-06">
      <ModulePath>c:\program files\dotnet\sdk\2.1.401\Microsoft.Build.NuGetSdkResolver.dll</ModulePath>
      <ModuleTime>2018-08-02T14:12:00Z</ModuleTime>
      <ModuleName>Microsoft.Build.NuGetSdkResolver</ModuleName>
      <Classes />
    </Module>
    <Module skippedDueTo="Filter" hash="EE-AB-AA-DC-7A-A7-20-71-C6-58-B2-7B-07-EF-2B-94-0F-5E-B8-6C">
      <ModulePath>c:\program files\dotnet\shared\Microsoft.NETCore.App\2.1.3-servicing-26724-03\System.Diagnostics.FileVersionInfo.dll</ModulePath>
      <ModuleTime>2018-07-24T15:37:32Z</ModuleTime>
      <ModuleName>System.Diagnostics.FileVersionInfo</ModuleName>
      <Classes />
    </Module>
    <Module skippedDueTo="Filter" hash="E4-CD-2A-21-17-56-76-91-A1-2C-30-93-37-D8-2F-65-84-F0-E5-29">
      <ModulePath>c:\program files\dotnet\shared\Microsoft.NETCore.App\2.1.3-servicing-26724-03\System.Threading.Tasks.Parallel.dll</ModulePath>
      <ModuleTime>2018-07-24T15:37:46Z</ModuleTime>
      <ModuleName>System.Threading.Tasks.Parallel</ModuleName>
      <Classes />
    </Module>
    <Module skippedDueTo="MissingPdb" hash="FA-27-26-7C-A7-86-F9-EE-D6-8F-E8-D2-5A-AD-5E-8A-F2-0E-06-38">
      <ModulePath>c:\program files\dotnet\sdk\2.1.401\Microsoft.Build.Utilities.Core.dll</ModulePath>
      <ModuleTime>2018-08-02T14:12:04Z</ModuleTime>
      <ModuleName>Microsoft.Build.Utilities.Core</ModuleName>
      <Classes />
    </Module>
    <Module skippedDueTo="MissingPdb" hash="C3-BB-E7-56-D8-2A-CD-29-30-92-B3-DE-F4-AE-56-98-3A-67-2E-74">
      <ModulePath>c:\program files\dotnet\sdk\2.1.401\Microsoft.Build.Tasks.Core.dll</ModulePath>
      <ModuleTime>2018-08-02T14:12:10Z</ModuleTime>
      <ModuleName>Microsoft.Build.Tasks.Core</ModuleName>
      <Classes />
    </Module>
    <Module skippedDueTo="Filter" hash="E8-41-CF-61-54-2D-F4-68-4D-67-EC-A2-2D-F7-F3-C9-A0-13-5B-E9">
      <ModulePath>c:\program files\dotnet\shared\Microsoft.NETCore.App\2.1.3-servicing-26724-03\System.Threading.ThreadPool.dll</ModulePath>
      <ModuleTime>2018-07-24T15:37:46Z</ModuleTime>
      <ModuleName>System.Threading.ThreadPool</ModuleName>
      <Classes />
    </Module>
    <Module skippedDueTo="MissingPdb" hash="81-9B-80-A8-12-B1-B4-18-4D-F3-E9-0E-2E-61-D8-31-FC-8B-BE-CF">
      <ModulePath>c:\program files\dotnet\sdk\2.1.401\NuGet.Build.Tasks.dll</ModulePath>
      <ModuleTime>2018-08-02T14:13:46Z</ModuleTime>
      <ModuleName>NuGet.Build.Tasks</ModuleName>
      <Classes />
    </Module>
    <Module skippedDueTo="MissingPdb" hash="C4-2C-87-52-DA-3E-00-13-29-2A-4A-94-BD-BC-8B-67-D1-92-FE-CC">
      <ModulePath>c:\program files\dotnet\sdk\2.1.401\NuGet.Commands.dll</ModulePath>
      <ModuleTime>2018-08-02T14:13:48Z</ModuleTime>
      <ModuleName>NuGet.Commands</ModuleName>
      <Classes />
    </Module>
    <Module skippedDueTo="MissingPdb" hash="24-C1-97-7B-CC-3A-F4-C6-89-F7-DD-B5-70-F1-D7-62-CA-55-CF-21">
      <ModulePath>c:\program files\dotnet\sdk\2.1.401\NuGet.Common.dll</ModulePath>
      <ModuleTime>2018-08-02T14:13:38Z</ModuleTime>
      <ModuleName>NuGet.Common</ModuleName>
      <Classes />
    </Module>
    <Module skippedDueTo="Filter" hash="24-D2-7A-AF-46-CA-DF-11-BE-06-A9-DD-F4-80-02-13-7A-1C-2F-A5">
      <ModulePath>c:\program files\dotnet\shared\Microsoft.NETCore.App\2.1.3-servicing-26724-03\System.Collections.NonGeneric.dll</ModulePath>
      <ModuleTime>2018-07-24T15:37:30Z</ModuleTime>
      <ModuleName>System.Collections.NonGeneric</ModuleName>
      <Classes />
    </Module>
    <Module skippedDueTo="MissingPdb" hash="B6-10-E2-14-5C-3C-71-A4-3B-CB-AC-FC-A5-2D-BA-01-4E-28-33-15">
      <ModulePath>c:\program files\dotnet\shared\Microsoft.NETCore.App\2.1.3-servicing-26724-03\Microsoft.Win32.Primitives.dll</ModulePath>
      <ModuleTime>2018-07-24T15:37:28Z</ModuleTime>
      <ModuleName>Microsoft.Win32.Primitives</ModuleName>
      <Classes />
    </Module>
    <Module skippedDueTo="Filter" hash="1E-7E-5D-08-3B-15-2B-8D-93-76-F1-ED-74-61-DC-B4-BD-99-95-5D">
      <ModulePath>c:\program files\dotnet\shared\Microsoft.NETCore.App\2.1.3-servicing-26724-03\System.ComponentModel.dll</ModulePath>
      <ModuleTime>2018-07-24T15:37:30Z</ModuleTime>
      <ModuleName>System.ComponentModel</ModuleName>
      <Classes />
    </Module>
    <Module skippedDueTo="MissingPdb" hash="14-DC-35-73-BD-D9-94-37-13-8D-C8-AA-9E-DD-80-72-57-9C-00-76">
      <ModulePath>c:\program files\dotnet\sdk\2.1.401\Sdks\Microsoft.NET.Sdk\targets\..\tools\netcoreapp2.0/Microsoft.NET.Build.Tasks.dll</ModulePath>
      <ModuleTime>2018-08-02T14:13:04Z</ModuleTime>
      <ModuleName>Microsoft.NET.Build.Tasks</ModuleName>
      <Classes />
    </Module>
    <Module skippedDueTo="MissingPdb" hash="01-5E-9A-EA-43-92-59-D7-E4-0F-8C-5A-75-6E-D9-5F-AE-B7-17-94">
      <ModulePath>c:\program files\dotnet\sdk\2.1.401\NuGet.Configuration.dll</ModulePath>
      <ModuleTime>2018-08-02T14:14:00Z</ModuleTime>
      <ModuleName>NuGet.Configuration</ModuleName>
      <Classes />
    </Module>
    <Module skippedDueTo="Filter" hash="93-D6-B1-17-0C-93-9C-E6-98-D5-72-CA-E5-96-0A-CA-62-40-69-5C">
      <ModulePath>c:\program files\dotnet\shared\Microsoft.NETCore.App\2.1.3-servicing-26724-03\System.IO.dll</ModulePath>
      <ModuleTime>2018-07-24T15:37:34Z</ModuleTime>
      <ModuleName>System.IO</ModuleName>
      <Classes />
    </Module>
    <Module skippedDueTo="Filter" hash="54-8D-46-40-ED-FE-2D-46-52-EB-96-25-AB-B6-53-A8-65-CE-B8-FB">
      <ModulePath>c:\program files\dotnet\shared\Microsoft.NETCore.App\2.1.3-servicing-26724-03\System.Text.Encoding.dll</ModulePath>
      <ModuleTime>2018-07-24T15:37:44Z</ModuleTime>
      <ModuleName>System.Text.Encoding</ModuleName>
      <Classes />
    </Module>
    <Module skippedDueTo="MissingPdb" hash="7B-27-AA-B6-8F-58-5B-C2-50-16-05-57-52-B6-27-0D-0E-25-4C-66">
      <ModulePath>c:\program files\dotnet\sdk\2.1.401\NuGet.ProjectModel.dll</ModulePath>
      <ModuleTime>2018-08-02T14:13:48Z</ModuleTime>
      <ModuleName>NuGet.ProjectModel</ModuleName>
      <Classes />
    </Module>
    <Module skippedDueTo="MissingPdb" hash="FB-B6-BC-B6-8C-21-77-A9-7D-F6-65-DB-CF-54-A6-8C-87-D1-C8-35">
      <ModulePath>c:\program files\dotnet\sdk\2.1.401\NuGet.Versioning.dll</ModulePath>
      <ModuleTime>2018-08-02T14:13:38Z</ModuleTime>
      <ModuleName>NuGet.Versioning</ModuleName>
      <Classes />
    </Module>
    <Module skippedDueTo="MissingPdb" hash="82-A0-B2-03-F6-0C-20-0E-03-F5-2E-1A-F0-B2-E8-43-AE-62-9C-76">
      <ModulePath>c:\program files\dotnet\sdk\2.1.401\NuGet.Protocol.dll</ModulePath>
      <ModuleTime>2018-08-02T14:13:48Z</ModuleTime>
      <ModuleName>NuGet.Protocol</ModuleName>
      <Classes />
    </Module>
    <Module skippedDueTo="MissingPdb" hash="6A-E5-99-53-B4-48-18-8B-9E-A0-DE-6B-B6-02-46-6E-A5-EA-46-E2">
      <ModulePath>c:\program files\dotnet\sdk\2.1.401\NuGet.Packaging.dll</ModulePath>
      <ModuleTime>2018-08-02T14:14:24Z</ModuleTime>
      <ModuleName>NuGet.Packaging</ModuleName>
      <Classes />
    </Module>
    <Module skippedDueTo="MissingPdb" hash="20-C9-6F-CD-E9-01-B4-08-DF-23-8C-F5-5F-94-C3-EA-8C-31-20-48">
      <ModulePath>c:\program files\dotnet\sdk\2.1.401\NuGet.Credentials.dll</ModulePath>
      <ModuleTime>2018-08-02T14:13:58Z</ModuleTime>
      <ModuleName>NuGet.Credentials</ModuleName>
      <Classes />
    </Module>
    <Module skippedDueTo="MissingPdb" hash="6D-2A-5B-35-2D-6F-20-73-65-0D-BD-95-74-F7-BE-99-BE-F5-99-16">
      <ModulePath>c:\program files\dotnet\sdk\2.1.401\NuGet.DependencyResolver.Core.dll</ModulePath>
      <ModuleTime>2018-08-02T14:13:48Z</ModuleTime>
      <ModuleName>NuGet.DependencyResolver.Core</ModuleName>
      <Classes />
    </Module>
    <Module skippedDueTo="MissingPdb" hash="F9-0B-D6-43-24-EF-CF-1E-74-C0-ED-9A-F8-FE-F6-81-84-4B-31-9C">
      <ModulePath>c:\program files\dotnet\sdk\2.1.401\NuGet.Packaging.Core.dll</ModulePath>
      <ModuleTime>2018-08-02T14:13:38Z</ModuleTime>
      <ModuleName>NuGet.Packaging.Core</ModuleName>
      <Classes />
    </Module>
    <Module skippedDueTo="MissingPdb" hash="C1-BE-2A-52-D2-81-72-12-99-AE-5C-4F-35-71-D4-14-17-8E-B8-BE">
      <ModulePath>c:\program files\dotnet\sdk\2.1.401\Newtonsoft.Json.dll</ModulePath>
      <ModuleTime>2018-08-02T14:14:58Z</ModuleTime>
      <ModuleName>Newtonsoft.Json</ModuleName>
      <Classes />
    </Module>
    <Module skippedDueTo="Filter" hash="BF-6E-88-54-10-68-DF-8D-6A-14-6D-5A-6A-E2-64-8A-62-3D-DF-09">
      <ModulePath>c:\program files\dotnet\shared\Microsoft.NETCore.App\2.1.3-servicing-26724-03\System.Dynamic.Runtime.dll</ModulePath>
      <ModuleTime>2018-07-24T15:37:32Z</ModuleTime>
      <ModuleName>System.Dynamic.Runtime</ModuleName>
      <Classes />
    </Module>
    <Module skippedDueTo="Filter" hash="50-D2-5C-C2-9E-BF-1A-67-41-02-B7-85-82-B2-07-7F-02-5C-45-AA">
      <ModulePath>c:\program files\dotnet\shared\Microsoft.NETCore.App\2.1.3-servicing-26724-03\System.Linq.Expressions.dll</ModulePath>
      <ModuleTime>2018-07-24T15:37:34Z</ModuleTime>
      <ModuleName>System.Linq.Expressions</ModuleName>
      <Classes />
    </Module>
    <Module skippedDueTo="MissingPdb" hash="D9-B7-87-95-87-61-F6-0C-41-11-14-3D-58-84-12-0F-19-03-B8-E2">
      <ModulePath>c:\program files\dotnet\sdk\2.1.401\NuGet.LibraryModel.dll</ModulePath>
      <ModuleTime>2018-08-02T14:13:38Z</ModuleTime>
      <ModuleName>NuGet.LibraryModel</ModuleName>
      <Classes />
    </Module>
    <Module skippedDueTo="MissingPdb" hash="69-95-E3-40-6B-FA-FE-18-9B-8F-20-FE-A0-C3-FF-44-C5-19-75-CD">
      <ModulePath>c:\program files\dotnet\sdk\2.1.401\pt-BR\NuGet.Commands.resources.dll</ModulePath>
      <ModuleTime>2018-08-02T14:13:46Z</ModuleTime>
      <ModuleName>NuGet.Commands.resources</ModuleName>
      <Classes />
    </Module>
    <Module skippedDueTo="MissingPdb" hash="BF-5B-A3-37-26-60-60-9A-81-5C-5A-2C-2A-BF-0B-3D-BF-E1-79-D0">
      <ModulePath>c:\program files\dotnet\sdk\2.1.401\Microsoft.TestPlatform.Build.dll</ModulePath>
      <ModuleTime>2018-08-02T14:12:10Z</ModuleTime>
      <ModuleName>Microsoft.TestPlatform.Build</ModuleName>
      <Classes />
    </Module>
    <Module skippedDueTo="MissingPdb" hash="AC-77-C3-36-FD-11-A6-A2-83-AE-DF-05-1C-66-5F-40-60-06-7F-E5">
      <ModulePath>c:\program files\dotnet\sdk\2.1.401\pt-BR\Microsoft.TestPlatform.Build.resources.dll</ModulePath>
      <ModuleTime>2018-08-02T14:12:18Z</ModuleTime>
      <ModuleName>Microsoft.TestPlatform.Build.resources</ModuleName>
      <Classes />
    </Module>
    <Module skippedDueTo="Filter" hash="AF-10-0C-63-90-20-9A-2B-CF-02-9F-5E-46-15-A1-2C-AE-7D-03-5A">
      <ModulePath>c:\program files\dotnet\shared\Microsoft.NETCore.App\2.1.3-servicing-26724-03\System.Diagnostics.Tools.dll</ModulePath>
      <ModuleTime>2018-07-24T15:37:32Z</ModuleTime>
      <ModuleName>System.Diagnostics.Tools</ModuleName>
      <Classes />
    </Module>
    <Module skippedDueTo="Filter" hash="D5-AF-39-40-BB-E5-0A-AA-58-CB-B8-98-47-18-3F-E2-FD-4F-A2-90">
      <ModulePath>c:\program files\dotnet\shared\Microsoft.NETCore.App\2.1.3-servicing-26724-03\System.Diagnostics.Debug.dll</ModulePath>
      <ModuleTime>2018-07-24T15:37:32Z</ModuleTime>
      <ModuleName>System.Diagnostics.Debug</ModuleName>
      <Classes />
    </Module>
    <Module skippedDueTo="Filter" hash="53-E3-E8-8F-C4-7C-74-5F-2F-7B-61-F8-8A-50-B0-1D-4A-EC-7F-21">
      <ModulePath>c:\program files\dotnet\shared\Microsoft.NETCore.App\2.1.3-servicing-26724-03\System.IO.Compression.dll</ModulePath>
      <ModuleTime>2018-07-24T15:37:32Z</ModuleTime>
      <ModuleName>System.IO.Compression</ModuleName>
      <Classes />
    </Module>
    <Module skippedDueTo="Filter" hash="C6-C7-AB-1D-EB-AA-14-D4-EC-59-F9-D3-15-0A-D8-89-CF-26-8B-27">
      <ModulePath>c:\program files\dotnet\shared\Microsoft.NETCore.App\2.1.3-servicing-26724-03\System.Net.Http.dll</ModulePath>
      <ModuleTime>2018-07-24T15:37:34Z</ModuleTime>
      <ModuleName>System.Net.Http</ModuleName>
      <Classes />
    </Module>
    <Module skippedDueTo="Filter" hash="9A-81-AA-24-8D-3C-27-19-62-B3-C8-08-0D-7C-E5-99-37-A2-F9-08">
      <ModulePath>c:\program files\dotnet\shared\Microsoft.NETCore.App\2.1.3-servicing-26724-03\System.Net.Primitives.dll</ModulePath>
      <ModuleTime>2018-07-24T15:37:36Z</ModuleTime>
      <ModuleName>System.Net.Primitives</ModuleName>
      <Classes />
    </Module>
    <Module skippedDueTo="Filter" hash="23-F7-84-13-6B-96-EE-74-9D-31-5E-7B-64-C8-C3-C4-C5-16-E5-36">
      <ModulePath>c:\program files\dotnet\shared\Microsoft.NETCore.App\2.1.3-servicing-26724-03\System.Net.Security.dll</ModulePath>
      <ModuleTime>2018-07-24T15:37:36Z</ModuleTime>
      <ModuleName>System.Net.Security</ModuleName>
      <Classes />
    </Module>
    <Module skippedDueTo="Filter" hash="6E-C8-44-01-50-90-3D-1F-C1-87-E1-CB-EA-33-B1-8E-15-F1-2F-37">
      <ModulePath>c:\program files\dotnet\shared\Microsoft.NETCore.App\2.1.3-servicing-26724-03\System.Security.Cryptography.X509Certificates.dll</ModulePath>
      <ModuleTime>2018-07-24T15:37:44Z</ModuleTime>
      <ModuleName>System.Security.Cryptography.X509Certificates</ModuleName>
      <Classes />
    </Module>
    <Module skippedDueTo="Filter" hash="27-D3-6C-A4-FD-F8-DA-7C-B2-8F-F2-CC-F8-D0-B4-42-E3-BC-5C-32">
      <ModulePath>c:\program files\dotnet\shared\Microsoft.NETCore.App\2.1.3-servicing-26724-03\System.Diagnostics.DiagnosticSource.dll</ModulePath>
      <ModuleTime>2018-07-24T15:37:32Z</ModuleTime>
      <ModuleName>System.Diagnostics.DiagnosticSource</ModuleName>
      <Classes />
    </Module>
    <Module skippedDueTo="Filter" hash="DD-03-DC-99-30-21-36-96-17-57-41-9A-0A-3E-7C-37-EE-1C-2A-E4">
      <ModulePath>c:\program files\dotnet\shared\Microsoft.NETCore.App\2.1.3-servicing-26724-03\System.Threading.Timer.dll</ModulePath>
      <ModuleTime>2018-07-24T15:37:46Z</ModuleTime>
      <ModuleName>System.Threading.Timer</ModuleName>
      <Classes />
    </Module>
    <Module skippedDueTo="Filter" hash="CD-D9-21-E0-54-54-7E-79-74-8D-D4-80-64-7F-D5-89-9B-75-A1-5C">
      <ModulePath>c:\program files\dotnet\shared\Microsoft.NETCore.App\2.1.3-servicing-26724-03\System.Net.Sockets.dll</ModulePath>
      <ModuleTime>2018-07-24T15:37:36Z</ModuleTime>
      <ModuleName>System.Net.Sockets</ModuleName>
      <Classes />
    </Module>
    <Module skippedDueTo="Filter" hash="10-36-0A-1E-B1-0D-4B-C8-DF-04-EA-E1-9E-3C-A3-24-4C-07-25-3E">
      <ModulePath>c:\program files\dotnet\shared\Microsoft.NETCore.App\2.1.3-servicing-26724-03\System.Threading.Overlapped.dll</ModulePath>
      <ModuleTime>2018-07-24T15:37:46Z</ModuleTime>
      <ModuleName>System.Threading.Overlapped</ModuleName>
      <Classes />
    </Module>
    <Module skippedDueTo="Filter" hash="23-7D-A2-EC-85-57-0E-69-AE-4E-F1-11-B9-91-3D-5F-87-24-02-40">
      <ModulePath>c:\program files\dotnet\shared\Microsoft.NETCore.App\2.1.3-servicing-26724-03\System.Net.NameResolution.dll</ModulePath>
      <ModuleTime>2018-07-24T15:37:36Z</ModuleTime>
      <ModuleName>System.Net.NameResolution</ModuleName>
      <Classes />
    </Module>
    <Module skippedDueTo="MissingPdb" hash="2F-A3-88-6C-D3-D9-5C-FD-5F-F7-59-8F-C7-4D-CC-A6-7C-9C-FA-63">
      <ModulePath>c:\program files\dotnet\sdk\2.1.401\pt-BR\Microsoft.Build.Tasks.Core.resources.dll</ModulePath>
      <ModuleTime>2018-08-02T14:12:18Z</ModuleTime>
      <ModuleName>Microsoft.Build.Tasks.Core.resources</ModuleName>
      <Classes />
    </Module>
    <Module skippedDueTo="Filter" hash="00-AF-2D-A7-84-B6-E8-05-BC-DD-EF-E9-82-BA-EA-8A-01-A7-50-C2">
      <ModulePath>c:\program files\dotnet\shared\Microsoft.NETCore.App\2.1.3-servicing-26724-03\System.Security.Principal.Windows.dll</ModulePath>
      <ModuleTime>2018-07-24T15:37:44Z</ModuleTime>
      <ModuleName>System.Security.Principal.Windows</ModuleName>
      <Classes />
    </Module>
    <Module skippedDueTo="Filter" hash="91-48-9F-1D-8C-10-71-89-A1-A4-9D-73-D7-49-65-65-BC-7A-44-58">
      <ModulePath>c:\program files\dotnet\shared\Microsoft.NETCore.App\2.1.3-servicing-26724-03\System.Security.Claims.dll</ModulePath>
      <ModuleTime>2018-07-24T15:37:44Z</ModuleTime>
      <ModuleName>System.Security.Claims</ModuleName>
      <Classes />
    </Module>
    <Module skippedDueTo="Filter" hash="23-29-4E-11-DD-18-34-B0-70-F6-99-0F-41-A2-93-D7-07-DA-BA-0D">
      <ModulePath>c:\program files\dotnet\shared\Microsoft.NETCore.App\2.1.3-servicing-26724-03\System.Security.Principal.dll</ModulePath>
      <ModuleTime>2018-07-24T15:37:44Z</ModuleTime>
      <ModuleName>System.Security.Principal</ModuleName>
      <Classes />
    </Module>
    <Module skippedDueTo="MissingPdb" hash="03-27-3F-B7-53-21-F8-98-2B-B1-21-1B-31-59-1D-BC-66-1F-3F-21">
      <ModulePath>c:\program files\dotnet\sdk\2.1.401\pt-BR\NuGet.Build.Tasks.resources.dll</ModulePath>
      <ModuleTime>2018-08-02T14:14:06Z</ModuleTime>
      <ModuleName>NuGet.Build.Tasks.resources</ModuleName>
      <Classes />
    </Module>
    <Module skippedDueTo="Filter" hash="CF-64-A6-1E-3F-0B-31-B9-FE-75-59-EA-28-3B-B8-C0-C4-44-87-9A">
      <ModulePath>c:\program files\dotnet\shared\Microsoft.NETCore.App\2.1.3-servicing-26724-03\mscorlib.dll</ModulePath>
      <ModuleTime>2018-07-24T15:37:26Z</ModuleTime>
      <ModuleName>mscorlib</ModuleName>
      <Classes />
    </Module>
    <Module skippedDueTo="Filter" hash="2D-1E-98-19-D2-5D-B8-C2-EE-18-95-D2-21-75-0D-66-64-57-81-C0">
      <ModulePath>c:\program files\dotnet\shared\Microsoft.NETCore.App\2.1.3-servicing-26724-03\System.Core.dll</ModulePath>
      <ModuleTime>2018-07-24T15:37:30Z</ModuleTime>
      <ModuleName>System.Core</ModuleName>
      <Classes />
    </Module>
    <Module skippedDueTo="Filter" hash="BB-95-57-72-D0-E6-9B-03-9B-F2-C3-D8-44-FE-C2-88-CD-EC-58-D0">
      <ModulePath>c:\program files\dotnet\shared\Microsoft.NETCore.App\2.1.3-servicing-26724-03\System.Security.Cryptography.Encoding.dll</ModulePath>
      <ModuleTime>2018-07-24T15:37:44Z</ModuleTime>
      <ModuleName>System.Security.Cryptography.Encoding</ModuleName>
      <Classes />
    </Module>
    <Module skippedDueTo="MissingPdb" hash="72-7E-1A-0C-10-96-73-22-C2-36-89-2B-1B-36-42-0E-02-6C-4A-0A">
      <ModulePath>c:\program files\dotnet\sdk\2.1.401\Roslyn\Microsoft.Build.Tasks.CodeAnalysis.dll</ModulePath>
      <ModuleTime>2018-08-02T14:12:52Z</ModuleTime>
      <ModuleName>Microsoft.Build.Tasks.CodeAnalysis</ModuleName>
      <Classes />
    </Module>
    <Module skippedDueTo="Filter" hash="51-F9-F5-8C-D7-D8-57-C1-A0-23-44-E2-D8-A7-FB-47-14-06-36-BC">
      <ModulePath>c:\program files\dotnet\shared\Microsoft.NETCore.App\2.1.3-servicing-26724-03\System.IO.Pipes.dll</ModulePath>
      <ModuleTime>2018-07-24T15:37:34Z</ModuleTime>
      <ModuleName>System.IO.Pipes</ModuleName>
      <Classes />
    </Module>
    <Module skippedDueTo="Filter" hash="26-E5-98-39-40-7B-6E-46-2C-19-86-85-99-5F-C7-35-11-14-A5-63">
      <ModulePath>c:\program files\dotnet\shared\Microsoft.NETCore.App\2.1.3-servicing-26724-03\System.Security.AccessControl.dll</ModulePath>
      <ModuleTime>2018-07-24T15:37:44Z</ModuleTime>
      <ModuleName>System.Security.AccessControl</ModuleName>
      <Classes />
    </Module>
    <Module skippedDueTo="Filter" hash="24-26-12-89-62-2F-7A-A3-07-BE-08-16-36-E4-36-C0-10-B9-9C-88">
      <ModulePath>c:\program files\dotnet\shared\Microsoft.NETCore.App\2.1.3-servicing-26724-03\System.IO.Pipes.AccessControl.dll</ModulePath>
      <ModuleTime>2018-07-24T15:37:34Z</ModuleTime>
      <ModuleName>System.IO.Pipes.AccessControl</ModuleName>
      <Classes />
    </Module>
    <Module skippedDueTo="MissingPdb" hash="A7-29-7B-B9-B6-6C-51-10-FC-A1-C9-69-78-C6-20-8C-61-0E-9A-EA">
      <ModulePath>c:\program files\dotnet\sdk\2.1.401\Microsoft.Extensions.DependencyModel.dll</ModulePath>
      <ModuleTime>2018-08-02T14:12:10Z</ModuleTime>
      <ModuleName>Microsoft.Extensions.DependencyModel</ModuleName>
      <Classes />
    </Module>
    <Module skippedDueTo="Filter" hash="F0-55-09-79-2A-3D-F2-5E-E4-47-BD-C0-C0-59-52-48-97-7C-36-76">
      <ModulePath>c:\program files\dotnet\shared\Microsoft.NETCore.App\2.1.3-servicing-26724-03\System.Reflection.Metadata.dll</ModulePath>
      <ModuleTime>2018-07-24T15:37:42Z</ModuleTime>
      <ModuleName>System.Reflection.Metadata</ModuleName>
      <Classes />
    </Module>
    <Module skippedDueTo="Filter" hash="9A-20-7B-44-8B-89-4F-96-CB-BD-E3-A0-31-76-0B-A4-5D-04-72-10">
      <ModulePath>c:\program files\dotnet\shared\Microsoft.NETCore.App\2.1.3-servicing-26724-03\System.IO.MemoryMappedFiles.dll</ModulePath>
      <ModuleTime>2018-07-24T15:37:34Z</ModuleTime>
      <ModuleName>System.IO.MemoryMappedFiles</ModuleName>
      <Classes />
    </Module>
    <Module skippedDueTo="MissingPdb" hash="">
      <ModulePath>RefEmit_InMemoryManifestModule</ModulePath>
      <ModuleTime>0001-01-01T00:00:00</ModuleTime>
      <ModuleName>Anonymously Hosted DynamicMethods Assembly</ModuleName>
      <Classes />
    </Module>
    <Module skippedDueTo="Filter" hash="00-E4-A9-6F-CF-BE-E6-78-80-D2-6C-6C-56-CF-F3-16-65-C6-22-7B">
      <ModulePath>c:\program files\dotnet\shared\Microsoft.NETCore.App\2.1.3-servicing-26724-03\System.Private.CoreLib.dll</ModulePath>
      <ModuleTime>2018-07-24T15:37:48Z</ModuleTime>
      <ModuleName>System.Private.CoreLib</ModuleName>
      <Classes />
    </Module>
    <Module skippedDueTo="MissingPdb" hash="1F-FE-40-09-9D-84-90-A9-91-10-0D-1C-B8-C9-C8-D1-DA-5F-B3-52">
      <ModulePath>c:\program files\dotnet\sdk\2.1.401\vstest.console.dll</ModulePath>
      <ModuleTime>2018-08-02T14:14:52Z</ModuleTime>
      <ModuleName>vstest.console</ModuleName>
      <Classes />
    </Module>
    <Module skippedDueTo="Filter" hash="3A-16-18-54-B5-AE-4C-EE-71-50-76-7C-CD-9F-57-26-DD-16-7D-14">
      <ModulePath>c:\program files\dotnet\shared\Microsoft.NETCore.App\2.1.3-servicing-26724-03\System.Runtime.dll</ModulePath>
      <ModuleTime>2018-07-24T15:37:44Z</ModuleTime>
      <ModuleName>System.Runtime</ModuleName>
      <Classes />
    </Module>
    <Module skippedDueTo="Filter" hash="A6-B6-40-1A-96-4A-45-CB-18-02-D9-91-1C-54-1D-D6-68-69-2B-86">
      <ModulePath>c:\program files\dotnet\shared\Microsoft.NETCore.App\2.1.3-servicing-26724-03\System.Diagnostics.Process.dll</ModulePath>
      <ModuleTime>2018-07-24T15:37:32Z</ModuleTime>
      <ModuleName>System.Diagnostics.Process</ModuleName>
      <Classes />
    </Module>
    <Module skippedDueTo="Filter" hash="69-AC-E6-2D-7F-38-6E-79-A6-D6-76-81-5B-ED-2C-A8-08-C3-C3-E5">
      <ModulePath>c:\program files\dotnet\shared\Microsoft.NETCore.App\2.1.3-servicing-26724-03\System.ComponentModel.Primitives.dll</ModulePath>
      <ModuleTime>2018-07-24T15:37:30Z</ModuleTime>
      <ModuleName>System.ComponentModel.Primitives</ModuleName>
      <Classes />
    </Module>
    <Module skippedDueTo="Filter" hash="73-62-91-0D-0F-97-D1-91-6B-C8-77-1C-53-D1-E9-78-B2-F7-44-64">
      <ModulePath>c:\program files\dotnet\shared\Microsoft.NETCore.App\2.1.3-servicing-26724-03\System.Runtime.Extensions.dll</ModulePath>
      <ModuleTime>2018-07-24T15:37:42Z</ModuleTime>
      <ModuleName>System.Runtime.Extensions</ModuleName>
      <Classes />
    </Module>
    <Module skippedDueTo="MissingPdb" hash="02-87-12-9B-85-54-FD-8A-B3-C9-CB-05-C1-D6-9B-92-C7-3F-49-DE">
      <ModulePath>c:\program files\dotnet\sdk\2.1.401\Microsoft.TestPlatform.CoreUtilities.dll</ModulePath>
      <ModuleTime>2018-08-02T14:11:50Z</ModuleTime>
      <ModuleName>Microsoft.TestPlatform.CoreUtilities</ModuleName>
      <Classes />
    </Module>
    <Module skippedDueTo="Filter" hash="D5-AF-39-40-BB-E5-0A-AA-58-CB-B8-98-47-18-3F-E2-FD-4F-A2-90">
      <ModulePath>c:\program files\dotnet\shared\Microsoft.NETCore.App\2.1.3-servicing-26724-03\System.Diagnostics.Debug.dll</ModulePath>
      <ModuleTime>2018-07-24T15:37:32Z</ModuleTime>
      <ModuleName>System.Diagnostics.Debug</ModuleName>
      <Classes />
    </Module>
    <Module skippedDueTo="Filter" hash="82-33-9E-BF-C5-E6-40-81-81-B6-71-3B-DC-26-08-95-C2-58-AE-0A">
      <ModulePath>c:\program files\dotnet\shared\Microsoft.NETCore.App\2.1.3-servicing-26724-03\System.Threading.Thread.dll</ModulePath>
      <ModuleTime>2018-07-24T15:37:46Z</ModuleTime>
      <ModuleName>System.Threading.Thread</ModuleName>
      <Classes />
    </Module>
    <Module skippedDueTo="Filter" hash="ED-6E-58-E1-81-21-C3-C6-84-85-47-4A-AC-CB-7C-27-9E-92-53-70">
      <ModulePath>c:\program files\dotnet\shared\Microsoft.NETCore.App\2.1.3-servicing-26724-03\System.Threading.dll</ModulePath>
      <ModuleTime>2018-07-24T15:37:46Z</ModuleTime>
      <ModuleName>System.Threading</ModuleName>
      <Classes />
    </Module>
    <Module skippedDueTo="Filter" hash="AC-F3-9F-D2-6B-E4-26-9E-27-4C-62-85-3C-A5-25-60-A8-CB-01-D3">
      <ModulePath>c:\program files\dotnet\shared\Microsoft.NETCore.App\2.1.3-servicing-26724-03\System.Console.dll</ModulePath>
      <ModuleTime>2018-07-24T15:37:30Z</ModuleTime>
      <ModuleName>System.Console</ModuleName>
      <Classes />
    </Module>
    <Module skippedDueTo="Filter" hash="93-D6-B1-17-0C-93-9C-E6-98-D5-72-CA-E5-96-0A-CA-62-40-69-5C">
      <ModulePath>c:\program files\dotnet\shared\Microsoft.NETCore.App\2.1.3-servicing-26724-03\System.IO.dll</ModulePath>
      <ModuleTime>2018-07-24T15:37:34Z</ModuleTime>
      <ModuleName>System.IO</ModuleName>
      <Classes />
    </Module>
    <Module skippedDueTo="Filter" hash="5A-FD-8A-AE-F7-3F-72-FF-88-18-36-4C-14-F4-86-F9-60-C3-EA-B7">
      <ModulePath>c:\program files\dotnet\shared\Microsoft.NETCore.App\2.1.3-servicing-26724-03\System.Text.Encoding.Extensions.dll</ModulePath>
      <ModuleTime>2018-07-24T15:37:44Z</ModuleTime>
      <ModuleName>System.Text.Encoding.Extensions</ModuleName>
      <Classes />
    </Module>
    <Module skippedDueTo="Filter" hash="6D-3F-92-9B-36-AE-79-87-6E-B0-AE-A8-A6-EF-73-74-96-83-AA-06">
      <ModulePath>c:\program files\dotnet\shared\Microsoft.NETCore.App\2.1.3-servicing-26724-03\System.Diagnostics.Tracing.dll</ModulePath>
      <ModuleTime>2018-07-24T15:37:32Z</ModuleTime>
      <ModuleName>System.Diagnostics.Tracing</ModuleName>
      <Classes />
    </Module>
    <Module skippedDueTo="Filter" hash="8A-72-20-D9-FE-A6-F4-20-F1-D2-F7-CE-FA-6E-30-8D-29-CF-30-CC">
      <ModulePath>c:\program files\dotnet\shared\Microsoft.NETCore.App\2.1.3-servicing-26724-03\System.Collections.dll</ModulePath>
      <ModuleTime>2018-07-24T15:37:30Z</ModuleTime>
      <ModuleName>System.Collections</ModuleName>
      <Classes />
    </Module>
    <Module skippedDueTo="MissingPdb" hash="A3-5D-1F-D5-67-E3-76-2A-4B-0C-09-A0-4F-57-FF-7E-24-02-52-EE">
      <ModulePath>c:\program files\dotnet\sdk\2.1.401\Microsoft.VisualStudio.TestPlatform.ObjectModel.dll</ModulePath>
      <ModuleTime>2018-08-02T14:12:00Z</ModuleTime>
      <ModuleName>Microsoft.VisualStudio.TestPlatform.ObjectModel</ModuleName>
      <Classes />
    </Module>
    <Module skippedDueTo="MissingPdb" hash="80-7F-69-A5-84-6B-00-9C-BE-C5-0B-1B-4B-4C-00-F3-DD-FC-68-92">
      <ModulePath>c:\program files\dotnet\sdk\2.1.401\Microsoft.VisualStudio.TestPlatform.Client.dll</ModulePath>
      <ModuleTime>2018-08-02T14:11:50Z</ModuleTime>
      <ModuleName>Microsoft.VisualStudio.TestPlatform.Client</ModuleName>
      <Classes />
    </Module>
    <Module skippedDueTo="MissingPdb" hash="BB-43-9B-CB-B7-26-BC-AB-9A-48-3E-3D-95-6E-9D-6B-90-1C-C6-9B">
      <ModulePath>c:\program files\dotnet\sdk\2.1.401\Microsoft.VisualStudio.TestPlatform.Common.dll</ModulePath>
      <ModuleTime>2018-08-02T14:12:10Z</ModuleTime>
      <ModuleName>Microsoft.VisualStudio.TestPlatform.Common</ModuleName>
      <Classes />
    </Module>
    <Module skippedDueTo="Filter" hash="C6-27-AA-78-7A-17-BC-CC-B2-50-62-CB-F1-1D-C4-0E-36-A6-F4-EA">
      <ModulePath>c:\program files\dotnet\shared\Microsoft.NETCore.App\2.1.3-servicing-26724-03\System.Linq.dll</ModulePath>
      <ModuleTime>2018-07-24T15:37:34Z</ModuleTime>
      <ModuleName>System.Linq</ModuleName>
      <Classes />
    </Module>
    <Module skippedDueTo="Filter" hash="46-4F-75-C9-75-BD-8F-57-5F-46-42-44-87-B3-36-7D-AB-D8-0F-47">
      <ModulePath>c:\program files\dotnet\shared\Microsoft.NETCore.App\2.1.3-servicing-26724-03\System.Runtime.InteropServices.dll</ModulePath>
      <ModuleTime>2018-07-24T15:37:42Z</ModuleTime>
      <ModuleName>System.Runtime.InteropServices</ModuleName>
      <Classes />
    </Module>
    <Module skippedDueTo="Filter" hash="2C-2E-65-16-0B-96-EB-67-1B-A9-5A-21-C2-B0-A2-1A-52-85-78-BF">
      <ModulePath>c:\program files\dotnet\shared\Microsoft.NETCore.App\2.1.3-servicing-26724-03\System.Resources.ResourceManager.dll</ModulePath>
      <ModuleTime>2018-07-24T15:37:42Z</ModuleTime>
      <ModuleName>System.Resources.ResourceManager</ModuleName>
      <Classes />
    </Module>
    <Module skippedDueTo="MissingPdb" hash="62-E2-E9-07-FC-10-A1-8C-A9-A0-65-26-00-05-6E-89-B2-82-D8-87">
      <ModulePath>c:\program files\dotnet\sdk\2.1.401\pt-BR\vstest.console.resources.dll</ModulePath>
      <ModuleTime>2018-08-02T14:15:22Z</ModuleTime>
      <ModuleName>vstest.console.resources</ModuleName>
      <Classes />
    </Module>
    <Module skippedDueTo="Filter" hash="A6-7B-63-8E-04-7B-40-B7-97-3D-0A-8E-21-15-82-34-1D-91-63-07">
      <ModulePath>c:\program files\dotnet\shared\Microsoft.NETCore.App\2.1.3-servicing-26724-03\System.IO.FileSystem.Primitives.dll</ModulePath>
      <ModuleTime>2018-07-24T15:37:32Z</ModuleTime>
      <ModuleName>System.IO.FileSystem.Primitives</ModuleName>
      <Classes />
    </Module>
    <Module skippedDueTo="Filter" hash="1A-7F-06-34-00-8C-AC-4D-C3-C5-3A-C4-13-DA-F9-CA-C7-72-9F-DF">
      <ModulePath>c:\program files\dotnet\shared\Microsoft.NETCore.App\2.1.3-servicing-26724-03\System.IO.FileSystem.dll</ModulePath>
      <ModuleTime>2018-07-24T15:37:34Z</ModuleTime>
[...]
      <ModulePath>c:\program files\dotnet\shared\Microsoft.NETCore.App\2.0.9\System.Net.Mail.dll</ModulePath>
      <ModuleTime>2018-06-14T19:45:56Z</ModuleTime>
      <ModuleName>System.Net.Mail</ModuleName>
      <Classes />
    </Module>
    <Module skippedDueTo="Filter" hash="E5-33-2C-48-C3-60-6C-04-D3-A8-36-9A-4C-A4-75-D3-5B-4F-86-80">
      <ModulePath>c:\program files\dotnet\shared\Microsoft.NETCore.App\2.0.9\System.Net.NetworkInformation.dll</ModulePath>
      <ModuleTime>2018-06-14T19:45:56Z</ModuleTime>
      <ModuleName>System.Net.NetworkInformation</ModuleName>
      <Classes />
    </Module>
    <Module skippedDueTo="Filter" hash="4F-E4-F0-BC-F6-C9-70-B7-10-9B-DF-0B-74-B9-8C-E2-A2-D1-C9-BB">
      <ModulePath>c:\program files\dotnet\shared\Microsoft.NETCore.App\2.0.9\System.Net.Ping.dll</ModulePath>
      <ModuleTime>2018-06-14T19:45:56Z</ModuleTime>
      <ModuleName>System.Net.Ping</ModuleName>
      <Classes />
    </Module>
    <Module skippedDueTo="Filter" hash="E1-74-61-54-AA-33-BE-0A-CF-62-B2-D6-53-4A-8E-8B-E1-C4-A8-A5">
      <ModulePath>c:\program files\dotnet\shared\Microsoft.NETCore.App\2.0.9\System.Net.Requests.dll</ModulePath>
      <ModuleTime>2018-06-14T19:45:56Z</ModuleTime>
      <ModuleName>System.Net.Requests</ModuleName>
      <Classes />
    </Module>
    <Module skippedDueTo="Filter" hash="FF-4A-FF-93-D9-2F-96-6B-28-5D-F7-77-03-76-1A-B0-D8-25-7A-29">
      <ModulePath>c:\program files\dotnet\shared\Microsoft.NETCore.App\2.0.9\System.Net.Security.dll</ModulePath>
      <ModuleTime>2018-06-14T19:45:56Z</ModuleTime>
      <ModuleName>System.Net.Security</ModuleName>
      <Classes />
    </Module>
    <Module skippedDueTo="Filter" hash="BB-95-63-05-D5-6E-C1-70-95-D9-41-05-BE-7D-AF-9B-72-0B-4E-A3">
      <ModulePath>c:\program files\dotnet\shared\Microsoft.NETCore.App\2.0.9\System.Net.ServicePoint.dll</ModulePath>
      <ModuleTime>2018-06-14T19:45:56Z</ModuleTime>
      <ModuleName>System.Net.ServicePoint</ModuleName>
      <Classes />
    </Module>
    <Module skippedDueTo="Filter" hash="D6-9B-F6-86-69-30-31-F1-35-FA-BD-67-B1-EC-54-BE-8C-F9-56-8E">
      <ModulePath>c:\program files\dotnet\shared\Microsoft.NETCore.App\2.0.9\System.Net.WebClient.dll</ModulePath>
      <ModuleTime>2018-06-14T19:45:58Z</ModuleTime>
      <ModuleName>System.Net.WebClient</ModuleName>
      <Classes />
    </Module>
    <Module skippedDueTo="Filter" hash="4A-4D-75-09-64-0D-B8-EF-E2-EA-43-09-73-2E-B4-E6-DE-94-19-03">
      <ModulePath>c:\program files\dotnet\shared\Microsoft.NETCore.App\2.0.9\System.Net.WebHeaderCollection.dll</ModulePath>
      <ModuleTime>2018-06-14T19:45:58Z</ModuleTime>
      <ModuleName>System.Net.WebHeaderCollection</ModuleName>
      <Classes />
    </Module>
    <Module skippedDueTo="Filter" hash="C9-61-BA-A5-EB-39-A4-82-FF-40-D0-61-D4-FC-53-1C-9D-0D-41-52">
      <ModulePath>c:\program files\dotnet\shared\Microsoft.NETCore.App\2.0.9\System.Net.WebProxy.dll</ModulePath>
      <ModuleTime>2018-06-14T19:45:58Z</ModuleTime>
      <ModuleName>System.Net.WebProxy</ModuleName>
      <Classes />
    </Module>
    <Module skippedDueTo="Filter" hash="68-57-8E-01-00-35-8B-FD-F1-12-C0-51-C8-EE-82-D7-E3-36-7B-17">
      <ModulePath>c:\program files\dotnet\shared\Microsoft.NETCore.App\2.0.9\System.Net.WebSockets.Client.dll</ModulePath>
      <ModuleTime>2018-06-14T19:45:58Z</ModuleTime>
      <ModuleName>System.Net.WebSockets.Client</ModuleName>
      <Classes />
    </Module>
    <Module skippedDueTo="Filter" hash="D4-48-D8-64-4C-9D-44-44-BC-33-DA-7F-7C-53-77-57-2E-F3-8F-E0">
      <ModulePath>c:\program files\dotnet\shared\Microsoft.NETCore.App\2.0.9\System.Net.dll</ModulePath>
      <ModuleTime>2018-06-14T19:45:58Z</ModuleTime>
      <ModuleName>System.Net</ModuleName>
      <Classes />
    </Module>
    <Module skippedDueTo="Filter" hash="39-BF-0A-94-F8-24-73-9C-10-B5-3B-06-E6-61-76-7D-2E-0E-A9-40">
      <ModulePath>c:\program files\dotnet\shared\Microsoft.NETCore.App\2.0.9\System.Numerics.Vectors.dll</ModulePath>
      <ModuleTime>2018-06-14T19:45:58Z</ModuleTime>
      <ModuleName>System.Numerics.Vectors</ModuleName>
      <Classes />
    </Module>
    <Module skippedDueTo="Filter" hash="5F-E4-CD-E4-D3-DB-E5-CF-3D-D8-C9-6C-2B-81-4B-81-66-67-18-47">
      <ModulePath>c:\program files\dotnet\shared\Microsoft.NETCore.App\2.0.9\System.Numerics.dll</ModulePath>
      <ModuleTime>2018-06-14T19:45:58Z</ModuleTime>
      <ModuleName>System.Numerics</ModuleName>
      <Classes />
    </Module>
    <Module skippedDueTo="Filter" hash="B3-28-29-52-74-65-63-D4-95-8B-0F-C0-5A-39-F7-85-B3-22-D8-84">
      <ModulePath>c:\program files\dotnet\shared\Microsoft.NETCore.App\2.0.9\System.Private.DataContractSerialization.dll</ModulePath>
      <ModuleTime>2018-06-14T19:45:58Z</ModuleTime>
      <ModuleName>System.Private.DataContractSerialization</ModuleName>
      <Classes />
    </Module>
    <Module skippedDueTo="Filter" hash="E6-33-43-F2-EE-7C-FE-2E-F4-85-27-47-53-57-0D-A2-AD-2A-73-FA">
      <ModulePath>c:\program files\dotnet\shared\Microsoft.NETCore.App\2.0.9\System.Threading.Tasks.Extensions.dll</ModulePath>
      <ModuleTime>2018-06-14T19:46:02Z</ModuleTime>
      <ModuleName>System.Threading.Tasks.Extensions</ModuleName>
      <Classes />
    </Module>
    <Module skippedDueTo="Filter" hash="70-A1-2B-B3-31-41-6F-1C-44-FD-D4-2E-EE-BE-8D-5F-22-B7-21-0F">
      <ModulePath>c:\program files\dotnet\shared\Microsoft.NETCore.App\2.0.9\System.Reflection.DispatchProxy.dll</ModulePath>
      <ModuleTime>2018-06-14T19:46:00Z</ModuleTime>
      <ModuleName>System.Reflection.DispatchProxy</ModuleName>
      <Classes />
    </Module>
    <Module skippedDueTo="Filter" hash="4E-EC-BA-65-63-CD-A4-49-C4-12-84-21-19-E1-75-FC-94-33-66-5B">
      <ModulePath>c:\program files\dotnet\shared\Microsoft.NETCore.App\2.0.9\System.Reflection.Emit.dll</ModulePath>
      <ModuleTime>2018-06-14T19:46:00Z</ModuleTime>
      <ModuleName>System.Reflection.Emit</ModuleName>
      <Classes />
    </Module>
    <Module skippedDueTo="Filter" hash="2E-5C-93-23-66-26-76-BD-AC-79-17-B0-17-FE-FB-88-8E-4F-F8-5F">
      <ModulePath>c:\program files\dotnet\shared\Microsoft.NETCore.App\2.0.9\System.Resources.Reader.dll</ModulePath>
      <ModuleTime>2018-06-14T19:46:00Z</ModuleTime>
      <ModuleName>System.Resources.Reader</ModuleName>
      <Classes />
    </Module>
    <Module skippedDueTo="Filter" hash="4D-05-D5-D7-E7-0E-EA-97-CF-D0-FD-8C-3A-D9-0A-E5-B5-87-D9-64">
      <ModulePath>c:\program files\dotnet\shared\Microsoft.NETCore.App\2.0.9\System.Resources.Writer.dll</ModulePath>
      <ModuleTime>2018-06-14T19:46:00Z</ModuleTime>
      <ModuleName>System.Resources.Writer</ModuleName>
      <Classes />
    </Module>
    <Module skippedDueTo="Filter" hash="E5-C6-4E-02-3F-C9-9E-0D-36-B1-DE-F2-40-C0-C3-A6-4F-B1-54-52">
      <ModulePath>c:\program files\dotnet\shared\Microsoft.NETCore.App\2.0.9\System.Runtime.CompilerServices.VisualC.dll</ModulePath>
      <ModuleTime>2018-06-14T19:46:00Z</ModuleTime>
      <ModuleName>System.Runtime.CompilerServices.VisualC</ModuleName>
      <Classes />
    </Module>
    <Module skippedDueTo="Filter" hash="63-31-52-DE-76-44-01-9D-3C-91-74-A6-01-E0-37-47-8F-2A-01-D1">
      <ModulePath>c:\program files\dotnet\shared\Microsoft.NETCore.App\2.0.9\System.Runtime.Handles.dll</ModulePath>
      <ModuleTime>2018-06-14T19:46:00Z</ModuleTime>
      <ModuleName>System.Runtime.Handles</ModuleName>
      <Classes />
    </Module>
    <Module skippedDueTo="Filter" hash="EB-E6-C5-EE-8D-D8-02-94-A0-AE-9B-9D-F0-82-B1-1C-EB-2B-31-49">
      <ModulePath>c:\program files\dotnet\shared\Microsoft.NETCore.App\2.0.9\System.Runtime.InteropServices.WindowsRuntime.dll</ModulePath>
      <ModuleTime>2018-06-14T19:46:00Z</ModuleTime>
      <ModuleName>System.Runtime.InteropServices.WindowsRuntime</ModuleName>
      <Classes />
    </Module>
    <Module skippedDueTo="Filter" hash="B5-19-61-FB-23-52-C1-38-F9-12-58-E0-6D-B6-26-00-8C-AC-71-82">
      <ModulePath>c:\program files\dotnet\shared\Microsoft.NETCore.App\2.0.9\System.Runtime.Serialization.Json.dll</ModulePath>
      <ModuleTime>2018-06-14T19:46:02Z</ModuleTime>
      <ModuleName>System.Runtime.Serialization.Json</ModuleName>
      <Classes />
    </Module>
    <Module skippedDueTo="Filter" hash="FC-8C-F2-C5-CF-78-53-E6-94-C4-E8-3D-17-7D-EB-CC-9A-29-F9-3B">
      <ModulePath>c:\program files\dotnet\shared\Microsoft.NETCore.App\2.0.9\System.Runtime.Serialization.Xml.dll</ModulePath>
      <ModuleTime>2018-06-14T19:46:02Z</ModuleTime>
      <ModuleName>System.Runtime.Serialization.Xml</ModuleName>
      <Classes />
    </Module>
    <Module skippedDueTo="Filter" hash="1A-E6-5B-47-A8-D0-DD-42-52-4B-F5-C7-12-F1-9D-34-8D-D7-52-44">
      <ModulePath>c:\program files\dotnet\shared\Microsoft.NETCore.App\2.0.9\System.Runtime.Serialization.dll</ModulePath>
      <ModuleTime>2018-06-14T19:46:02Z</ModuleTime>
      <ModuleName>System.Runtime.Serialization</ModuleName>
      <Classes />
    </Module>
    <Module skippedDueTo="Filter" hash="7B-A7-38-41-60-A2-C5-01-B6-E9-43-77-1F-06-95-B8-72-67-D4-19">
      <ModulePath>c:\program files\dotnet\shared\Microsoft.NETCore.App\2.0.9\System.Security.Cryptography.Algorithms.dll</ModulePath>
      <ModuleTime>2018-06-14T19:46:02Z</ModuleTime>
      <ModuleName>System.Security.Cryptography.Algorithms</ModuleName>
      <Classes />
    </Module>
    <Module skippedDueTo="Filter" hash="FC-34-A4-92-EA-64-DF-BA-51-F9-B0-68-96-68-C1-57-BC-27-0D-AC">
      <ModulePath>c:\program files\dotnet\shared\Microsoft.NETCore.App\2.0.9\System.Security.Cryptography.Encoding.dll</ModulePath>
      <ModuleTime>2018-06-14T19:46:02Z</ModuleTime>
      <ModuleName>System.Security.Cryptography.Encoding</ModuleName>
      <Classes />
    </Module>
    <Module skippedDueTo="Filter" hash="EC-CD-2D-95-E5-EB-A6-17-09-10-A8-DB-F6-D1-2D-C8-9E-DE-3F-E0">
      <ModulePath>c:\program files\dotnet\shared\Microsoft.NETCore.App\2.0.9\System.Security.Cryptography.Primitives.dll</ModulePath>
      <ModuleTime>2018-06-14T19:46:02Z</ModuleTime>
      <ModuleName>System.Security.Cryptography.Primitives</ModuleName>
      <Classes />
    </Module>
    <Module skippedDueTo="Filter" hash="48-E1-C3-8B-66-02-78-A5-C5-9F-68-46-34-52-75-5C-FD-72-D5-0D">
      <ModulePath>c:\program files\dotnet\shared\Microsoft.NETCore.App\2.0.9\System.Security.Cryptography.Cng.dll</ModulePath>
      <ModuleTime>2018-06-14T19:46:02Z</ModuleTime>
      <ModuleName>System.Security.Cryptography.Cng</ModuleName>
      <Classes />
    </Module>
    <Module skippedDueTo="Filter" hash="17-9F-A6-F7-9C-21-A2-75-85-00-DB-F6-D0-00-26-8E-1A-95-2A-7E">
      <ModulePath>c:\program files\dotnet\shared\Microsoft.NETCore.App\2.0.9\System.Security.Cryptography.Csp.dll</ModulePath>
      <ModuleTime>2018-06-14T19:46:02Z</ModuleTime>
      <ModuleName>System.Security.Cryptography.Csp</ModuleName>
      <Classes />
    </Module>
    <Module skippedDueTo="Filter" hash="4E-19-25-7F-D6-98-F6-38-C6-AD-AB-B2-7E-24-BA-84-DC-9E-B6-7B">
      <ModulePath>c:\program files\dotnet\shared\Microsoft.NETCore.App\2.0.9\System.Security.Cryptography.OpenSsl.dll</ModulePath>
      <ModuleTime>2018-06-14T19:46:02Z</ModuleTime>
      <ModuleName>System.Security.Cryptography.OpenSsl</ModuleName>
      <Classes />
    </Module>
    <Module skippedDueTo="Filter" hash="7F-82-95-57-42-9E-1A-71-F7-AD-93-C9-F2-39-B4-6E-5E-62-B3-CD">
      <ModulePath>c:\program files\dotnet\shared\Microsoft.NETCore.App\2.0.9\System.Security.Cryptography.X509Certificates.dll</ModulePath>
      <ModuleTime>2018-06-14T19:46:02Z</ModuleTime>
      <ModuleName>System.Security.Cryptography.X509Certificates</ModuleName>
      <Classes />
    </Module>
    <Module skippedDueTo="Filter" hash="B9-D7-F2-32-2A-62-83-EF-C1-C0-92-99-1F-57-58-CB-56-FB-25-FA">
      <ModulePath>c:\program files\dotnet\shared\Microsoft.NETCore.App\2.0.9\System.Security.SecureString.dll</ModulePath>
      <ModuleTime>2018-06-14T19:46:02Z</ModuleTime>
      <ModuleName>System.Security.SecureString</ModuleName>
      <Classes />
    </Module>
    <Module skippedDueTo="Filter" hash="EB-21-4B-58-EA-F6-CC-83-FF-CB-C2-C8-C3-5D-CD-27-5A-8A-78-FA">
      <ModulePath>c:\program files\dotnet\shared\Microsoft.NETCore.App\2.0.9\System.Security.dll</ModulePath>
      <ModuleTime>2018-06-14T19:46:02Z</ModuleTime>
      <ModuleName>System.Security</ModuleName>
      <Classes />
    </Module>
    <Module skippedDueTo="Filter" hash="AF-63-1B-FE-3E-5B-14-42-A1-C4-91-07-AB-62-DE-E8-8A-F8-8F-7A">
      <ModulePath>c:\program files\dotnet\shared\Microsoft.NETCore.App\2.0.9\System.ServiceModel.Web.dll</ModulePath>
      <ModuleTime>2018-06-14T19:46:02Z</ModuleTime>
      <ModuleName>System.ServiceModel.Web</ModuleName>
      <Classes />
    </Module>
    <Module skippedDueTo="Filter" hash="EC-A8-1E-FB-3E-9B-CA-3B-06-DB-0F-F7-45-D8-07-D9-1D-51-CB-70">
      <ModulePath>c:\program files\dotnet\shared\Microsoft.NETCore.App\2.0.9\System.ServiceProcess.dll</ModulePath>
      <ModuleTime>2018-06-14T19:46:02Z</ModuleTime>
      <ModuleName>System.ServiceProcess</ModuleName>
      <Classes />
    </Module>
    <Module skippedDueTo="Filter" hash="C2-6B-51-D2-E6-C7-AE-FE-31-49-68-0A-75-45-22-52-44-FC-CF-4C">
      <ModulePath>c:\program files\dotnet\shared\Microsoft.NETCore.App\2.0.9\System.Threading.Tasks.Dataflow.dll</ModulePath>
      <ModuleTime>2018-06-14T19:46:02Z</ModuleTime>
      <ModuleName>System.Threading.Tasks.Dataflow</ModuleName>
      <Classes />
    </Module>
    <Module skippedDueTo="Filter" hash="15-9D-7F-33-53-77-47-8E-D4-DD-42-C7-35-B3-6B-BF-FE-8C-C1-53">
      <ModulePath>c:\program files\dotnet\shared\Microsoft.NETCore.App\2.0.9\System.Threading.Tasks.Parallel.dll</ModulePath>
      <ModuleTime>2018-06-14T19:46:02Z</ModuleTime>
      <ModuleName>System.Threading.Tasks.Parallel</ModuleName>
      <Classes />
    </Module>
    <Module skippedDueTo="Filter" hash="5C-E6-2F-BA-49-00-01-04-A4-A7-C4-AB-FB-89-49-93-16-89-7A-BE">
      <ModulePath>c:\program files\dotnet\shared\Microsoft.NETCore.App\2.0.9\System.Threading.Thread.dll</ModulePath>
      <ModuleTime>2018-06-14T19:46:02Z</ModuleTime>
      <ModuleName>System.Threading.Thread</ModuleName>
      <Classes />
    </Module>
    <Module skippedDueTo="Filter" hash="6C-E8-CC-3A-68-0C-70-A0-AF-70-02-44-F5-C4-52-3E-D6-F6-29-5F">
      <ModulePath>c:\program files\dotnet\shared\Microsoft.NETCore.App\2.0.9\System.Transactions.Local.dll</ModulePath>
      <ModuleTime>2018-06-14T19:46:04Z</ModuleTime>
      <ModuleName>System.Transactions.Local</ModuleName>
      <Classes />
    </Module>
    <Module skippedDueTo="Filter" hash="68-83-1B-37-A1-A5-3B-E4-8C-F3-D2-6A-E3-7D-2F-C9-28-A1-B7-9E">
      <ModulePath>c:\program files\dotnet\shared\Microsoft.NETCore.App\2.0.9\System.Transactions.dll</ModulePath>
      <ModuleTime>2018-06-14T19:46:04Z</ModuleTime>
      <ModuleName>System.Transactions</ModuleName>
      <Classes />
    </Module>
    <Module skippedDueTo="Filter" hash="E6-EC-93-13-62-B6-A7-D5-18-41-CA-74-E8-26-26-07-61-2C-6A-DF">
      <ModulePath>c:\program files\dotnet\shared\Microsoft.NETCore.App\2.0.9\System.ValueTuple.dll</ModulePath>
      <ModuleTime>2018-06-14T19:46:04Z</ModuleTime>
      <ModuleName>System.ValueTuple</ModuleName>
      <Classes />
    </Module>
    <Module skippedDueTo="Filter" hash="CC-40-04-F9-6D-5F-91-EA-D6-6D-10-7F-D0-83-44-DB-60-6F-CE-A3">
      <ModulePath>c:\program files\dotnet\shared\Microsoft.NETCore.App\2.0.9\System.Web.HttpUtility.dll</ModulePath>
      <ModuleTime>2018-06-14T19:46:04Z</ModuleTime>
      <ModuleName>System.Web.HttpUtility</ModuleName>
      <Classes />
    </Module>
    <Module skippedDueTo="Filter" hash="25-C3-9E-4D-9A-AD-CE-8C-F9-42-BE-0D-CE-67-ED-AA-E1-BD-B7-A9">
      <ModulePath>c:\program files\dotnet\shared\Microsoft.NETCore.App\2.0.9\System.Web.dll</ModulePath>
      <ModuleTime>2018-06-14T19:46:04Z</ModuleTime>
      <ModuleName>System.Web</ModuleName>
      <Classes />
    </Module>
    <Module skippedDueTo="Filter" hash="3A-75-1A-44-67-68-C8-D6-49-6F-E5-7F-C9-8F-DA-75-1D-A8-8F-DA">
      <ModulePath>c:\program files\dotnet\shared\Microsoft.NETCore.App\2.0.9\System.Windows.dll</ModulePath>
      <ModuleTime>2018-06-14T19:46:04Z</ModuleTime>
      <ModuleName>System.Windows</ModuleName>
      <Classes />
    </Module>
    <Module skippedDueTo="Filter" hash="10-0C-B2-E5-37-EA-90-38-EB-FB-E8-44-00-22-C5-88-2D-63-DE-3B">
      <ModulePath>c:\program files\dotnet\shared\Microsoft.NETCore.App\2.0.9\System.Xml.Linq.dll</ModulePath>
      <ModuleTime>2018-06-14T19:46:04Z</ModuleTime>
      <ModuleName>System.Xml.Linq</ModuleName>
      <Classes />
    </Module>
    <Module skippedDueTo="Filter" hash="A2-2F-F5-F4-F9-F8-D9-D2-90-14-74-5F-10-3A-CB-7E-FA-03-AA-D0">
      <ModulePath>c:\program files\dotnet\shared\Microsoft.NETCore.App\2.0.9\System.Xml.Serialization.dll</ModulePath>
      <ModuleTime>2018-06-14T19:46:04Z</ModuleTime>
      <ModuleName>System.Xml.Serialization</ModuleName>
      <Classes />
    </Module>
    <Module skippedDueTo="Filter" hash="0F-78-30-06-B2-8A-8A-95-CB-2C-13-53-BA-EA-6D-96-75-52-1F-43">
      <ModulePath>c:\program files\dotnet\shared\Microsoft.NETCore.App\2.0.9\System.Xml.XPath.XDocument.dll</ModulePath>
      <ModuleTime>2018-06-14T19:46:04Z</ModuleTime>
      <ModuleName>System.Xml.XPath.XDocument</ModuleName>
      <Classes />
    </Module>
    <Module skippedDueTo="Filter" hash="24-C5-80-C3-B8-8E-BB-E3-A0-B5-AD-A5-75-88-56-93-EF-43-40-74">
      <ModulePath>c:\program files\dotnet\shared\Microsoft.NETCore.App\2.0.9\System.Xml.XmlSerializer.dll</ModulePath>
      <ModuleTime>2018-06-14T19:46:04Z</ModuleTime>
      <ModuleName>System.Xml.XmlSerializer</ModuleName>
      <Classes />
    </Module>
    <Module skippedDueTo="Filter" hash="24-75-5A-81-BD-EF-0E-27-16-7A-E3-12-5C-75-27-EE-C8-39-53-A2">
      <ModulePath>c:\program files\dotnet\shared\Microsoft.NETCore.App\2.0.9\System.Xml.dll</ModulePath>
      <ModuleTime>2018-06-14T19:46:04Z</ModuleTime>
      <ModuleName>System.Xml</ModuleName>
      <Classes />
    </Module>
    <Module skippedDueTo="Filter" hash="E0-0E-1A-6A-9D-70-C8-4A-A9-5B-BE-72-2A-42-F9-C0-72-33-C5-68">
      <ModulePath>c:\program files\dotnet\shared\Microsoft.NETCore.App\2.0.9\System.dll</ModulePath>
      <ModuleTime>2018-06-14T19:46:04Z</ModuleTime>
      <ModuleName>System</ModuleName>
      <Classes />
    </Module>
    <Module skippedDueTo="MissingPdb" hash="EB-D3-1A-E0-B6-37-A3-F1-6A-24-99-80-60-C8-0F-C8-6B-86-79-52">
      <ModulePath>c:\program files\dotnet\shared\Microsoft.NETCore.App\2.0.9\WindowsBase.dll</ModulePath>
      <ModuleTime>2018-06-14T19:46:04Z</ModuleTime>
      <ModuleName>WindowsBase</ModuleName>
      <Classes />
    </Module>
    <Module skippedDueTo="MissingPdb" hash="0B-62-40-90-58-76-E8-86-0D-1A-DC-F5-78-DB-B7-94-BC-00-10-0C">
      <ModulePath>C:\dev\github\elemarjr\Tupi\test\Tupi.Tests\bin\Debug\netcoreapp2.0\xunit.runner.reporters.netcoreapp10.dll</ModulePath>
      <ModuleTime>2018-07-17T07:18:26Z</ModuleTime>
      <ModuleName>xunit.runner.reporters.netcoreapp10</ModuleName>
      <Classes />
    </Module>
    <Module skippedDueTo="MissingPdb" hash="16-7C-D1-8D-0E-08-82-D2-50-9C-9A-FF-7A-6F-C1-DB-D3-21-8A-72">
      <ModulePath>C:\dev\github\elemarjr\Tupi\test\Tupi.Tests\bin\Debug\netcoreapp2.0\xunit.runner.visualstudio.dotnetcore.testadapter.dll</ModulePath>
      <ModuleTime>2018-07-17T07:18:28Z</ModuleTime>
      <ModuleName>xunit.runner.visualstudio.dotnetcore.testadapter</ModuleName>
      <Classes />
    </Module>
    <Module skippedDueTo="Filter" hash="1E-7E-5D-08-3B-15-2B-8D-93-76-F1-ED-74-61-DC-B4-BD-99-95-5D">
      <ModulePath>c:\program files\dotnet\shared\Microsoft.NETCore.App\2.1.3-servicing-26724-03\System.ComponentModel.dll</ModulePath>
      <ModuleTime>2018-07-24T15:37:30Z</ModuleTime>
      <ModuleName>System.ComponentModel</ModuleName>
      <Classes />
    </Module>
  </Modules>
</CoverageSession>